2025-04-19 11:42:34 [main] INFO  c.g.yamec.app.YamecApplicationTests - Starting YamecApplicationTests using Java 23.0.2 with PID 46368 (started by Brendan in C:\Users\Brendan\Documents\Project\MetricsLogger\yamec\yamec-app)
2025-04-19 11:42:34 [main] DEBUG c.g.yamec.app.YamecApplicationTests - Running with Spring Boot v3.4.3, Spring v6.2.3
2025-04-19 11:42:34 [main] INFO  c.g.yamec.app.YamecApplicationTests - No active profile set, falling back to 1 default profile: "default"
2025-04-19 11:42:36 [main] INFO  o.s.b.a.w.s.WelcomePageHandlerMapping - Adding welcome page template: index
2025-04-19 11:42:36 [main] INFO  c.g.yamec.app.YamecApplicationTests - Started YamecApplicationTests in 2.041 seconds (process running for 5.057)
2025-04-19 12:01:28 [main] INFO  c.g.yamec.app.YamecApplicationTests - Starting YamecApplicationTests using Java 23.0.2 with PID 31656 (started by Brendan in C:\Users\Brendan\Documents\Project\MetricsLogger\yamec\yamec-app)
2025-04-19 12:01:28 [main] DEBUG c.g.yamec.app.YamecApplicationTests - Running with Spring Boot v3.4.3, Spring v6.2.3
2025-04-19 12:01:28 [main] INFO  c.g.yamec.app.YamecApplicationTests - No active profile set, falling back to 1 default profile: "default"
2025-04-19 12:01:29 [main] INFO  o.s.b.a.w.s.WelcomePageHandlerMapping - Adding welcome page template: index
2025-04-19 12:01:30 [main] INFO  c.g.yamec.app.YamecApplicationTests - Started YamecApplicationTests in 2.114 seconds (process running for 3.784)
2025-04-19 12:28:42 [main] INFO  c.g.yamec.app.YamecApplicationTests - Starting YamecApplicationTests using Java 23.0.2 with PID 25644 (started by Brendan in C:\Users\Brendan\Documents\Project\MetricsLogger\yamec\yamec-app)
2025-04-19 12:28:42 [main] DEBUG c.g.yamec.app.YamecApplicationTests - Running with Spring Boot v3.4.3, Spring v6.2.3
2025-04-19 12:28:42 [main] INFO  c.g.yamec.app.YamecApplicationTests - No active profile set, falling back to 1 default profile: "default"
2025-04-19 12:28:43 [main] INFO  o.s.b.a.w.s.WelcomePageHandlerMapping - Adding welcome page template: index
2025-04-19 12:28:43 [main] INFO  c.g.yamec.app.YamecApplicationTests - Started YamecApplicationTests in 1.955 seconds (process running for 3.659)
2025-04-19 12:36:56 [main] INFO  c.g.yamec.app.YamecApplicationTests - Starting YamecApplicationTests using Java 23.0.2 with PID 38984 (started by Brendan in C:\Users\Brendan\Documents\Project\MetricsLogger\yamec\yamec-app)
2025-04-19 12:36:56 [main] DEBUG c.g.yamec.app.YamecApplicationTests - Running with Spring Boot v3.4.3, Spring v6.2.3
2025-04-19 12:36:56 [main] INFO  c.g.yamec.app.YamecApplicationTests - No active profile set, falling back to 1 default profile: "default"
2025-04-19 12:36:57 [main] INFO  o.s.b.a.w.s.WelcomePageHandlerMapping - Adding welcome page template: index
2025-04-19 12:36:58 [main] INFO  c.g.yamec.app.YamecApplicationTests - Started YamecApplicationTests in 1.698 seconds (process running for 3.111)
2025-04-19 13:01:58 [main] INFO  c.g.yamec.app.YamecApplicationTests - Starting YamecApplicationTests using Java 23.0.2 with PID 51024 (started by Brendan in C:\Users\Brendan\Documents\Project\MetricsLogger\yamec\yamec-app)
2025-04-19 13:01:58 [main] DEBUG c.g.yamec.app.YamecApplicationTests - Running with Spring Boot v3.4.3, Spring v6.2.3
2025-04-19 13:01:58 [main] INFO  c.g.yamec.app.YamecApplicationTests - No active profile set, falling back to 1 default profile: "default"
2025-04-19 13:01:59 [main] INFO  o.s.b.a.w.s.WelcomePageHandlerMapping - Adding welcome page template: index
2025-04-19 13:02:00 [main] INFO  c.g.yamec.app.YamecApplicationTests - Started YamecApplicationTests in 1.894 seconds (process running for 3.786)
2025-04-19 13:11:53 [main] INFO  c.g.yamec.app.YamecApplicationTests - Starting YamecApplicationTests using Java 23.0.2 with PID 44812 (started by Brendan in C:\Users\Brendan\Documents\Project\MetricsLogger\yamec\yamec-app)
2025-04-19 13:11:53 [main] DEBUG c.g.yamec.app.YamecApplicationTests - Running with Spring Boot v3.4.3, Spring v6.2.3
2025-04-19 13:11:53 [main] INFO  c.g.yamec.app.YamecApplicationTests - No active profile set, falling back to 1 default profile: "default"
2025-04-19 13:11:54 [main] INFO  o.s.b.a.w.s.WelcomePageHandlerMapping - Adding welcome page template: index
2025-04-19 13:11:54 [main] INFO  c.g.yamec.app.YamecApplicationTests - Started YamecApplicationTests in 1.809 seconds (process running for 3.459)
2025-04-19 15:14:31 [main] INFO  c.g.yamec.app.YamecApplicationTests - Starting YamecApplicationTests using Java 23.0.2 with PID 47732 (started by Brendan in C:\Users\Brendan\Documents\Project\MetricsLogger\yamec\yamec-app)
2025-04-19 15:14:31 [main] DEBUG c.g.yamec.app.YamecApplicationTests - Running with Spring Boot v3.4.3, Spring v6.2.3
2025-04-19 15:14:31 [main] INFO  c.g.yamec.app.YamecApplicationTests - No active profile set, falling back to 1 default profile: "default"
2025-04-19 15:14:32 [main] INFO  o.s.b.a.w.s.WelcomePageHandlerMapping - Adding welcome page template: index
2025-04-19 15:14:33 [main] INFO  c.g.yamec.app.YamecApplicationTests - Started YamecApplicationTests in 1.703 seconds (process running for 4.154)
2025-04-19 15:47:03 [main] INFO  c.g.yamec.app.YamecApplicationTests - Starting YamecApplicationTests using Java 23.0.2 with PID 52944 (started by Brendan in C:\Users\Brendan\Documents\Project\MetricsLogger\yamec\yamec-app)
2025-04-19 15:47:03 [main] DEBUG c.g.yamec.app.YamecApplicationTests - Running with Spring Boot v3.4.3, Spring v6.2.3
2025-04-19 15:47:03 [main] INFO  c.g.yamec.app.YamecApplicationTests - No active profile set, falling back to 1 default profile: "default"
2025-04-19 15:47:04 [main] INFO  o.s.b.a.w.s.WelcomePageHandlerMapping - Adding welcome page template: index
2025-04-19 15:47:04 [main] INFO  c.g.yamec.app.YamecApplicationTests - Started YamecApplicationTests in 1.616 seconds (process running for 3.112)
2025-04-19 16:33:01 [main] INFO  c.g.yamec.app.YamecApplicationTests - Starting YamecApplicationTests using Java 23.0.2 with PID 43820 (started by Brendan in C:\Users\Brendan\Documents\Project\MetricsLogger\yamec\yamec-app)
2025-04-19 16:33:01 [main] DEBUG c.g.yamec.app.YamecApplicationTests - Running with Spring Boot v3.4.3, Spring v6.2.3
2025-04-19 16:33:01 [main] INFO  c.g.yamec.app.YamecApplicationTests - No active profile set, falling back to 1 default profile: "default"
2025-04-19 16:33:02 [main] INFO  o.s.b.a.w.s.WelcomePageHandlerMapping - Adding welcome page template: index
2025-04-19 16:33:03 [main] INFO  c.g.yamec.app.YamecApplicationTests - Started YamecApplicationTests in 2.293 seconds (process running for 4.124)
2025-04-19 17:21:33 [main] INFO  c.g.yamec.app.YamecApplicationTests - Starting YamecApplicationTests using Java 23.0.2 with PID 55280 (started by Brendan in C:\Users\Brendan\Documents\Project\MetricsLogger\yamec\yamec-app)
2025-04-19 17:21:33 [main] DEBUG c.g.yamec.app.YamecApplicationTests - Running with Spring Boot v3.4.3, Spring v6.2.3
2025-04-19 17:21:33 [main] INFO  c.g.yamec.app.YamecApplicationTests - No active profile set, falling back to 1 default profile: "default"
2025-04-19 17:21:35 [main] INFO  o.s.b.a.w.s.WelcomePageHandlerMapping - Adding welcome page template: index
2025-04-19 17:21:35 [main] INFO  c.g.yamec.app.YamecApplicationTests - Started YamecApplicationTests in 2.396 seconds (process running for 4.958)
2025-04-19 17:30:31 [main] INFO  c.g.yamec.app.YamecApplicationTests - Starting YamecApplicationTests using Java 23.0.2 with PID 38468 (started by Brendan in C:\Users\Brendan\Documents\Project\MetricsLogger\yamec\yamec-app)
2025-04-19 17:30:31 [main] DEBUG c.g.yamec.app.YamecApplicationTests - Running with Spring Boot v3.4.3, Spring v6.2.3
2025-04-19 17:30:31 [main] INFO  c.g.yamec.app.YamecApplicationTests - No active profile set, falling back to 1 default profile: "default"
2025-04-19 17:30:32 [main] INFO  o.s.b.a.w.s.WelcomePageHandlerMapping - Adding welcome page template: index
2025-04-19 17:30:33 [main] INFO  c.g.yamec.app.YamecApplicationTests - Started YamecApplicationTests in 1.952 seconds (process running for 3.84)
2025-04-19 18:27:23 [main] INFO  c.g.yamec.app.YamecApplicationTests - Starting YamecApplicationTests using Java 23.0.2 with PID 46660 (started by Brendan in C:\Users\Brendan\Documents\Project\MetricsLogger\yamec\yamec-app)
2025-04-19 18:27:23 [main] DEBUG c.g.yamec.app.YamecApplicationTests - Running with Spring Boot v3.4.3, Spring v6.2.3
2025-04-19 18:27:23 [main] INFO  c.g.yamec.app.YamecApplicationTests - No active profile set, falling back to 1 default profile: "default"
2025-04-19 18:27:24 [main] INFO  o.s.b.a.w.s.WelcomePageHandlerMapping - Adding welcome page template: index
2025-04-19 18:27:25 [main] INFO  c.g.yamec.app.YamecApplicationTests - Started YamecApplicationTests in 2.533 seconds (process running for 4.617)
2025-04-19 18:36:22 [main] INFO  c.g.yamec.app.YamecApplicationTests - Starting YamecApplicationTests using Java 23.0.2 with PID 46612 (started by Brendan in C:\Users\Brendan\Documents\Project\MetricsLogger\yamec\yamec-app)
2025-04-19 18:36:22 [main] DEBUG c.g.yamec.app.YamecApplicationTests - Running with Spring Boot v3.4.3, Spring v6.2.3
2025-04-19 18:36:22 [main] INFO  c.g.yamec.app.YamecApplicationTests - No active profile set, falling back to 1 default profile: "default"
2025-04-19 18:36:24 [main] INFO  o.s.b.a.w.s.WelcomePageHandlerMapping - Adding welcome page template: index
2025-04-19 18:36:24 [main] INFO  c.g.yamec.app.YamecApplicationTests - Started YamecApplicationTests in 2.493 seconds (process running for 4.609)
2025-04-19 18:50:26 [main] INFO  c.g.yamec.app.YamecApplicationTests - Starting YamecApplicationTests using Java 23.0.2 with PID 55252 (started by Brendan in C:\Users\Brendan\Documents\Project\MetricsLogger\yamec\yamec-app)
2025-04-19 18:50:26 [main] DEBUG c.g.yamec.app.YamecApplicationTests - Running with Spring Boot v3.4.3, Spring v6.2.3
2025-04-19 18:50:26 [main] INFO  c.g.yamec.app.YamecApplicationTests - No active profile set, falling back to 1 default profile: "default"
2025-04-19 18:50:28 [main] INFO  o.s.b.a.w.s.WelcomePageHandlerMapping - Adding welcome page template: index
2025-04-19 18:50:28 [main] INFO  c.g.yamec.app.YamecApplicationTests - Started YamecApplicationTests in 3.089 seconds (process running for 5.518)
2025-04-19 18:57:34 [main] INFO  c.g.yamec.app.YamecApplicationTests - Starting YamecApplicationTests using Java 23.0.2 with PID 30480 (started by Brendan in C:\Users\Brendan\Documents\Project\MetricsLogger\yamec\yamec-app)
2025-04-19 18:57:34 [main] DEBUG c.g.yamec.app.YamecApplicationTests - Running with Spring Boot v3.4.3, Spring v6.2.3
2025-04-19 18:57:34 [main] INFO  c.g.yamec.app.YamecApplicationTests - No active profile set, falling back to 1 default profile: "default"
2025-04-19 18:57:35 [main] INFO  o.s.b.a.w.s.WelcomePageHandlerMapping - Adding welcome page template: index
2025-04-19 18:57:36 [main] INFO  c.g.yamec.app.YamecApplicationTests - Started YamecApplicationTests in 3.039 seconds (process running for 5.557)
2025-04-19 19:03:19 [main] INFO  c.g.yamec.app.YamecApplicationTests - Starting YamecApplicationTests using Java 23.0.2 with PID 52648 (started by Brendan in C:\Users\Brendan\Documents\Project\MetricsLogger\yamec\yamec-app)
2025-04-19 19:03:19 [main] DEBUG c.g.yamec.app.YamecApplicationTests - Running with Spring Boot v3.4.3, Spring v6.2.3
2025-04-19 19:03:19 [main] INFO  c.g.yamec.app.YamecApplicationTests - No active profile set, falling back to 1 default profile: "default"
2025-04-19 19:03:20 [main] INFO  o.s.b.a.w.s.WelcomePageHandlerMapping - Adding welcome page template: index
2025-04-19 19:03:21 [main] INFO  c.g.yamec.app.YamecApplicationTests - Started YamecApplicationTests in 2.845 seconds (process running for 5.277)
2025-04-19 19:06:27 [main] INFO  c.g.yamec.app.YamecApplicationTests - Starting YamecApplicationTests using Java 23.0.2 with PID 53792 (started by Brendan in C:\Users\Brendan\Documents\Project\MetricsLogger\yamec\yamec-app)
2025-04-19 19:06:27 [main] DEBUG c.g.yamec.app.YamecApplicationTests - Running with Spring Boot v3.4.3, Spring v6.2.3
2025-04-19 19:06:27 [main] INFO  c.g.yamec.app.YamecApplicationTests - No active profile set, falling back to 1 default profile: "default"
2025-04-19 19:06:29 [main] INFO  o.s.b.a.w.s.WelcomePageHandlerMapping - Adding welcome page template: index
2025-04-19 19:06:30 [main] INFO  c.g.yamec.app.YamecApplicationTests - Started YamecApplicationTests in 3.044 seconds (process running for 5.216)
2025-04-19 19:10:10 [main] INFO  c.g.yamec.app.YamecApplicationTests - Starting YamecApplicationTests using Java 23.0.2 with PID 44136 (started by Brendan in C:\Users\Brendan\Documents\Project\MetricsLogger\yamec\yamec-app)
2025-04-19 19:10:10 [main] DEBUG c.g.yamec.app.YamecApplicationTests - Running with Spring Boot v3.4.3, Spring v6.2.3
2025-04-19 19:10:10 [main] INFO  c.g.yamec.app.YamecApplicationTests - No active profile set, falling back to 1 default profile: "default"
2025-04-19 19:10:11 [main] INFO  o.s.b.a.w.s.WelcomePageHandlerMapping - Adding welcome page template: index
2025-04-19 19:10:12 [main] INFO  c.g.yamec.app.YamecApplicationTests - Started YamecApplicationTests in 2.848 seconds (process running for 5.558)
2025-04-19 19:16:36 [main] INFO  c.g.yamec.app.YamecApplicationTests - Starting YamecApplicationTests using Java 23.0.2 with PID 56000 (started by Brendan in C:\Users\Brendan\Documents\Project\MetricsLogger\yamec\yamec-app)
2025-04-19 19:16:36 [main] DEBUG c.g.yamec.app.YamecApplicationTests - Running with Spring Boot v3.4.3, Spring v6.2.3
2025-04-19 19:16:36 [main] INFO  c.g.yamec.app.YamecApplicationTests - No active profile set, falling back to 1 default profile: "default"
2025-04-19 19:16:38 [main] INFO  o.s.b.a.w.s.WelcomePageHandlerMapping - Adding welcome page template: index
2025-04-19 19:16:39 [main] INFO  c.g.yamec.app.YamecApplicationTests - Started YamecApplicationTests in 3.114 seconds (process running for 6.259)
2025-04-19 19:16:41 [main] DEBUG c.g.y.a.jni.SystemMonitorManagerJNI - Process 21408: CPU 0.000000
2025-04-19 19:16:41 [main] DEBUG c.g.y.a.jni.SystemMonitorManagerJNI - Process 9980: CPU 0.000000
2025-04-19 19:16:41 [main] DEBUG c.g.y.a.jni.SystemMonitorManagerJNI - Process 31592: CPU 0.000000
2025-04-19 19:16:41 [main] DEBUG c.g.y.a.jni.SystemMonitorManagerJNI - Process 55600: CPU 0.000000
2025-04-19 19:16:41 [main] DEBUG c.g.y.a.jni.SystemMonitorManagerJNI - Process 19676: CPU 0.000000
2025-04-19 19:16:41 [main] DEBUG c.g.y.a.jni.SystemMonitorManagerJNI - Process 5924: CPU 0.000000
2025-04-19 19:16:41 [main] DEBUG c.g.y.a.jni.SystemMonitorManagerJNI - Process 9572: CPU 0.000000
2025-04-19 19:16:41 [main] DEBUG c.g.y.a.jni.SystemMonitorManagerJNI - Process 5840: CPU 0.000000
2025-04-19 19:16:41 [main] DEBUG c.g.y.a.jni.SystemMonitorManagerJNI - Process 3388: CPU 0.000000
2025-04-19 19:16:41 [main] DEBUG c.g.y.a.jni.SystemMonitorManagerJNI - Process 5908: CPU 0.000000
2025-04-19 19:16:41 [main] DEBUG c.g.y.a.jni.SystemMonitorManagerJNI - Process 26584: CPU 0.000000
2025-04-19 19:16:41 [main] DEBUG c.g.y.a.jni.SystemMonitorManagerJNI - Process 5848: CPU 0.000000
2025-04-19 19:16:41 [main] DEBUG c.g.y.a.jni.SystemMonitorManagerJNI - Process 5384: CPU 0.000000
2025-04-19 19:16:41 [main] DEBUG c.g.y.a.jni.SystemMonitorManagerJNI - Process 4976: CPU 0.000000
2025-04-19 19:16:41 [main] DEBUG c.g.y.a.jni.SystemMonitorManagerJNI - Process 8980: CPU 0.000000
2025-04-19 19:16:41 [main] DEBUG c.g.y.a.jni.SystemMonitorManagerJNI - Process 5872: CPU 0.000000
2025-04-19 19:16:41 [main] DEBUG c.g.y.a.jni.SystemMonitorManagerJNI - Process 5860: CPU 0.000000
2025-04-19 19:16:41 [main] DEBUG c.g.y.a.jni.SystemMonitorManagerJNI - Process 20348: CPU 0.000000
2025-04-19 19:16:41 [main] DEBUG c.g.y.a.jni.SystemMonitorManagerJNI - Process 5880: CPU 0.000000
2025-04-19 19:16:41 [main] DEBUG c.g.y.a.jni.SystemMonitorManagerJNI - Process 40860: CPU 0.000000
2025-04-19 19:16:41 [main] DEBUG c.g.y.a.jni.SystemMonitorManagerJNI - Process 5900: CPU 0.000000
2025-04-19 19:16:41 [main] DEBUG c.g.y.a.jni.SystemMonitorManagerJNI - Process 5964: CPU 0.000000
2025-04-19 19:16:41 [main] DEBUG c.g.y.a.jni.SystemMonitorManagerJNI - Process 15628: CPU 0.000000
2025-04-19 19:16:41 [main] DEBUG c.g.y.a.jni.SystemMonitorManagerJNI - Process 16500: CPU 0.000000
2025-04-19 19:16:41 [main] DEBUG c.g.y.a.jni.SystemMonitorManagerJNI - Process 17244: CPU 0.000000
2025-04-19 19:16:41 [main] DEBUG c.g.y.a.jni.SystemMonitorManagerJNI - Process 54068: CPU 0.000000
2025-04-19 19:16:41 [main] DEBUG c.g.y.a.jni.SystemMonitorManagerJNI - Process 53116: CPU 0.000000
2025-04-19 19:16:41 [main] DEBUG c.g.y.a.jni.SystemMonitorManagerJNI - Process 5892: CPU 0.000000
2025-04-19 19:16:41 [main] DEBUG c.g.y.a.jni.SystemMonitorManagerJNI - Process 11616: CPU 0.920083
2025-04-19 19:16:41 [main] DEBUG c.g.y.a.jni.SystemMonitorManagerJNI - Process 18744: CPU 0.000000
2025-04-19 19:16:41 [main] DEBUG c.g.y.a.jni.SystemMonitorManagerJNI - Process 19004: CPU 0.000000
2025-04-19 19:16:41 [main] DEBUG c.g.y.a.jni.SystemMonitorManagerJNI - Process 19680: CPU 0.000000
2025-04-19 19:16:41 [main] DEBUG c.g.y.a.jni.SystemMonitorManagerJNI - Process 20316: CPU 0.000000
2025-04-19 19:16:41 [main] DEBUG c.g.y.a.jni.SystemMonitorManagerJNI - Process 55004: CPU 0.000000
2025-04-19 19:16:41 [main] DEBUG c.g.y.a.jni.SystemMonitorManagerJNI - Process 12472: CPU 0.000000
2025-04-19 19:16:41 [main] DEBUG c.g.y.a.jni.SystemMonitorManagerJNI - Process 16336: CPU 0.000000
2025-04-19 19:16:41 [main] DEBUG c.g.y.a.jni.SystemMonitorManagerJNI - Process 20832: CPU 0.000000
2025-04-19 19:16:41 [main] DEBUG c.g.y.a.jni.SystemMonitorManagerJNI - Process 20912: CPU 0.184017
2025-04-19 19:16:41 [main] DEBUG c.g.y.a.jni.SystemMonitorManagerJNI - Process 21044: CPU 0.000000
2025-04-19 19:16:41 [main] DEBUG c.g.y.a.jni.SystemMonitorManagerJNI - Process 21084: CPU 0.000000
2025-04-19 19:16:41 [main] DEBUG c.g.y.a.jni.SystemMonitorManagerJNI - Process 21116: CPU 0.000000
2025-04-19 19:16:41 [main] DEBUG c.g.y.a.jni.SystemMonitorManagerJNI - Process 22216: CPU 0.000000
2025-04-19 19:16:41 [main] DEBUG c.g.y.a.jni.SystemMonitorManagerJNI - Process 4816: CPU 0.000000
2025-04-19 19:16:41 [main] DEBUG c.g.y.a.jni.SystemMonitorManagerJNI - Process 5916: CPU 0.000000
2025-04-19 19:16:41 [main] DEBUG c.g.y.a.jni.SystemMonitorManagerJNI - Process 13572: CPU 0.000000
2025-04-19 19:16:41 [main] DEBUG c.g.y.a.jni.SystemMonitorManagerJNI - Process 16400: CPU 0.000000
2025-04-19 19:16:41 [main] DEBUG c.g.y.a.jni.SystemMonitorManagerJNI - Process 16508: CPU 0.000000
2025-04-19 19:16:41 [main] DEBUG c.g.y.a.jni.SystemMonitorManagerJNI - Process 16656: CPU 0.000000
2025-04-19 19:16:41 [main] DEBUG c.g.y.a.jni.SystemMonitorManagerJNI - Process 16708: CPU 0.184017
2025-04-19 19:16:41 [main] DEBUG c.g.y.a.jni.SystemMonitorManagerJNI - Process 17528: CPU 0.000000
2025-04-19 19:16:41 [main] DEBUG c.g.y.a.jni.SystemMonitorManagerJNI - Process 20640: CPU 0.000000
2025-04-19 19:16:41 [main] DEBUG c.g.y.a.jni.SystemMonitorManagerJNI - Process 13292: CPU 0.000000
2025-04-19 19:16:41 [main] DEBUG c.g.y.a.jni.SystemMonitorManagerJNI - Process 49396: CPU 0.000000
2025-04-19 19:16:41 [main] DEBUG c.g.y.a.jni.SystemMonitorManagerJNI - Process 11864: CPU 0.000000
2025-04-19 19:16:41 [main] DEBUG c.g.y.a.jni.SystemMonitorManagerJNI - Process 6108: CPU 0.000000
2025-04-19 19:16:41 [main] DEBUG c.g.y.a.jni.SystemMonitorManagerJNI - Process 21592: CPU 0.184017
2025-04-19 19:16:41 [main] DEBUG c.g.y.a.jni.SystemMonitorManagerJNI - Process 21928: CPU 0.000000
2025-04-19 19:16:41 [main] DEBUG c.g.y.a.jni.SystemMonitorManagerJNI - Process 18408: CPU 0.000000
2025-04-19 19:16:41 [main] DEBUG c.g.y.a.jni.SystemMonitorManagerJNI - Process 0: CPU 71.766448
2025-04-19 19:16:41 [main] DEBUG c.g.y.a.jni.SystemMonitorManagerJNI - Process 45072: CPU 0.000000
2025-04-19 19:16:41 [main] DEBUG c.g.y.a.jni.SystemMonitorManagerJNI - Process 1452: CPU 0.000000
2025-04-19 19:16:41 [main] DEBUG c.g.y.a.jni.SystemMonitorManagerJNI - Process 3768: CPU 4.968446
2025-04-19 19:16:41 [main] DEBUG c.g.y.a.jni.SystemMonitorManagerJNI - Process 45236: CPU 0.000000
2025-04-19 19:16:41 [main] DEBUG c.g.y.a.jni.SystemMonitorManagerJNI - Process 6084: CPU 0.000000
2025-04-19 19:16:41 [main] DEBUG c.g.y.a.jni.SystemMonitorManagerJNI - Process 6184: CPU 0.552050
2025-04-19 19:16:41 [main] DEBUG c.g.y.a.jni.SystemMonitorManagerJNI - Process 3376: CPU 0.000000
2025-04-19 19:16:41 [main] DEBUG c.g.y.a.jni.SystemMonitorManagerJNI - Process 3996: CPU 0.000000
2025-04-19 19:16:41 [main] DEBUG c.g.y.a.jni.SystemMonitorManagerJNI - Process 5000: CPU 0.000000
2025-04-19 19:16:41 [main] DEBUG c.g.y.a.jni.SystemMonitorManagerJNI - Process 1524: CPU 0.000000
2025-04-19 19:16:41 [main] DEBUG c.g.y.a.jni.SystemMonitorManagerJNI - Process 18680: CPU 0.000000
2025-04-19 19:16:41 [main] DEBUG c.g.y.a.jni.SystemMonitorManagerJNI - Process 19104: CPU 0.000000
2025-04-19 19:16:41 [main] DEBUG c.g.y.a.jni.SystemMonitorManagerJNI - Process 19140: CPU 0.000000
2025-04-19 19:16:41 [main] DEBUG c.g.y.a.jni.SystemMonitorManagerJNI - Process 19200: CPU 0.000000
2025-04-19 19:16:41 [main] DEBUG c.g.y.a.jni.SystemMonitorManagerJNI - Process 6012: CPU 0.000000
2025-04-19 19:16:41 [main] DEBUG c.g.y.a.jni.SystemMonitorManagerJNI - Process 20540: CPU 0.000000
2025-04-19 19:16:41 [main] DEBUG c.g.y.a.jni.SystemMonitorManagerJNI - Process 49344: CPU 0.000000
2025-04-19 19:16:41 [main] DEBUG c.g.y.a.jni.SystemMonitorManagerJNI - Process 21568: CPU 0.000000
2025-04-19 19:16:41 [main] DEBUG c.g.y.a.jni.SystemMonitorManagerJNI - Process 18600: CPU 0.000000
2025-04-19 19:16:41 [main] DEBUG c.g.y.a.jni.SystemMonitorManagerJNI - Process 16900: CPU 0.000000
2025-04-19 19:16:41 [main] DEBUG c.g.y.a.jni.SystemMonitorManagerJNI - Process 10312: CPU 0.000000
2025-04-19 19:16:41 [main] DEBUG c.g.y.a.jni.SystemMonitorManagerJNI - Process 9164: CPU 0.000000
2025-04-19 19:16:41 [main] DEBUG c.g.y.a.jni.SystemMonitorManagerJNI - Process 6092: CPU 0.000000
2025-04-19 19:16:41 [main] DEBUG c.g.y.a.jni.SystemMonitorManagerJNI - Process 280: CPU 0.000000
2025-04-19 19:16:41 [main] DEBUG c.g.y.a.jni.SystemMonitorManagerJNI - Process 27260: CPU 0.000000
2025-04-19 19:16:41 [main] DEBUG c.g.y.a.jni.SystemMonitorManagerJNI - Process 18800: CPU 0.000000
2025-04-19 19:16:41 [main] DEBUG c.g.y.a.jni.SystemMonitorManagerJNI - Process 6132: CPU 0.000000
2025-04-19 19:16:41 [main] DEBUG c.g.y.a.jni.SystemMonitorManagerJNI - Process 18660: CPU 0.000000
2025-04-19 19:16:41 [main] DEBUG c.g.y.a.jni.SystemMonitorManagerJNI - Process 13124: CPU 0.000000
2025-04-19 19:16:41 [main] DEBUG c.g.y.a.jni.SystemMonitorManagerJNI - Process 13284: CPU 0.000000
2025-04-19 19:16:41 [main] DEBUG c.g.y.a.jni.SystemMonitorManagerJNI - Process 4152: CPU 0.000000
2025-04-19 19:16:41 [main] DEBUG c.g.y.a.jni.SystemMonitorManagerJNI - Process 45144: CPU 0.000000
2025-04-19 19:16:41 [main] DEBUG c.g.y.a.jni.SystemMonitorManagerJNI - Process 45656: CPU 0.000000
2025-04-19 19:16:41 [main] DEBUG c.g.y.a.jni.SystemMonitorManagerJNI - Process 4716: CPU 0.000000
2025-04-19 19:16:41 [main] DEBUG c.g.y.a.jni.SystemMonitorManagerJNI - Process 7492: CPU 0.000000
2025-04-19 19:16:41 [main] DEBUG c.g.y.a.jni.SystemMonitorManagerJNI - Process 9732: CPU 0.000000
2025-04-19 19:16:41 [main] DEBUG c.g.y.a.jni.SystemMonitorManagerJNI - Process 42736: CPU 0.000000
2025-04-19 19:16:41 [main] DEBUG c.g.y.a.jni.SystemMonitorManagerJNI - Process 12908: CPU 0.000000
2025-04-19 19:16:41 [main] DEBUG c.g.y.a.jni.SystemMonitorManagerJNI - Process 10992: CPU 0.000000
2025-04-19 19:16:41 [main] DEBUG c.g.y.a.jni.SystemMonitorManagerJNI - Process 56820: CPU 0.000000
2025-04-19 19:16:41 [main] DEBUG c.g.y.a.jni.SystemMonitorManagerJNI - Process 236: CPU 0.000000
2025-04-19 19:16:41 [main] DEBUG c.g.y.a.jni.SystemMonitorManagerJNI - Process 4860: CPU 0.000000
2025-04-19 19:16:41 [main] DEBUG c.g.y.a.jni.SystemMonitorManagerJNI - Process 15404: CPU 0.000000
2025-04-19 19:16:41 [main] DEBUG c.g.y.a.jni.SystemMonitorManagerJNI - Process 5332: CPU 0.000000
2025-04-19 19:16:41 [main] DEBUG c.g.y.a.jni.SystemMonitorManagerJNI - Process 20360: CPU 0.000000
2025-04-19 19:16:41 [main] DEBUG c.g.y.a.jni.SystemMonitorManagerJNI - Process 52528: CPU 0.000000
2025-04-19 19:16:41 [main] DEBUG c.g.y.a.jni.SystemMonitorManagerJNI - Process 12932: CPU 0.000000
2025-04-19 19:16:41 [main] DEBUG c.g.y.a.jni.SystemMonitorManagerJNI - Process 6172: CPU 0.000000
2025-04-19 19:16:41 [main] DEBUG c.g.y.a.jni.SystemMonitorManagerJNI - Process 4: CPU 0.920083
2025-04-19 19:16:41 [main] DEBUG c.g.y.a.jni.SystemMonitorManagerJNI - Process 17572: CPU 0.000000
2025-04-19 19:16:41 [main] DEBUG c.g.y.a.jni.SystemMonitorManagerJNI - Process 26376: CPU 1.656149
2025-04-19 19:16:41 [main] DEBUG c.g.y.a.jni.SystemMonitorManagerJNI - Process 15916: CPU 0.000000
2025-04-19 19:16:41 [main] DEBUG c.g.y.a.jni.SystemMonitorManagerJNI - Process 17860: CPU 0.000000
2025-04-19 19:16:41 [main] DEBUG c.g.y.a.jni.SystemMonitorManagerJNI - Process 29580: CPU 0.000000
2025-04-19 19:16:41 [main] DEBUG c.g.y.a.jni.SystemMonitorManagerJNI - Process 1860: CPU 0.000000
2025-04-19 19:16:41 [main] DEBUG c.g.y.a.jni.SystemMonitorManagerJNI - Process 8268: CPU 0.000000
2025-04-19 19:16:41 [main] DEBUG c.g.y.a.jni.SystemMonitorManagerJNI - Process 13080: CPU 0.000000
2025-04-19 19:16:41 [main] DEBUG c.g.y.a.jni.SystemMonitorManagerJNI - Process 27208: CPU 0.000000
2025-04-19 19:16:41 [main] DEBUG c.g.y.a.jni.SystemMonitorManagerJNI - Process 53348: CPU 0.000000
2025-04-19 19:16:41 [main] DEBUG c.g.y.a.jni.SystemMonitorManagerJNI - Process 56564: CPU 0.000000
2025-04-19 19:16:41 [main] DEBUG c.g.y.a.jni.SystemMonitorManagerJNI - Process 7256: CPU 0.000000
2025-04-19 19:16:41 [main] DEBUG c.g.y.a.jni.SystemMonitorManagerJNI - Process 11596: CPU 0.000000
2025-04-19 19:16:41 [main] DEBUG c.g.y.a.jni.SystemMonitorManagerJNI - Process 48760: CPU 0.920083
2025-04-19 19:16:41 [main] DEBUG c.g.y.a.jni.SystemMonitorManagerJNI - Process 49936: CPU 0.000000
2025-04-19 19:16:41 [main] DEBUG c.g.y.a.jni.SystemMonitorManagerJNI - Process 51764: CPU 0.184017
2025-04-19 19:16:41 [main] DEBUG c.g.y.a.jni.SystemMonitorManagerJNI - Process 23164: CPU 0.000000
2025-04-19 19:16:41 [main] DEBUG c.g.y.a.jni.SystemMonitorManagerJNI - Process 31120: CPU 0.000000
2025-04-19 19:16:41 [main] DEBUG c.g.y.a.jni.SystemMonitorManagerJNI - Process 3416: CPU 0.000000
2025-04-19 19:16:41 [main] DEBUG c.g.y.a.jni.SystemMonitorManagerJNI - Process 3616: CPU 0.000000
2025-04-19 19:16:41 [main] DEBUG c.g.y.a.jni.SystemMonitorManagerJNI - Process 3424: CPU 0.000000
2025-04-19 19:16:41 [main] DEBUG c.g.y.a.jni.SystemMonitorManagerJNI - Process 53128: CPU 0.000000
2025-04-19 19:16:41 [main] DEBUG c.g.y.a.jni.SystemMonitorManagerJNI - Process 38600: CPU 0.000000
2025-04-19 19:16:41 [main] DEBUG c.g.y.a.jni.SystemMonitorManagerJNI - Process 7928: CPU 0.000000
2025-04-19 19:16:41 [main] DEBUG c.g.y.a.jni.SystemMonitorManagerJNI - Process 26128: CPU 0.000000
2025-04-19 19:16:41 [main] DEBUG c.g.y.a.jni.SystemMonitorManagerJNI - Process 55264: CPU 0.000000
2025-04-19 19:16:41 [main] DEBUG c.g.y.a.jni.SystemMonitorManagerJNI - Process 22336: CPU 0.000000
2025-04-19 19:16:41 [main] DEBUG c.g.y.a.jni.SystemMonitorManagerJNI - Process 10940: CPU 0.000000
2025-04-19 19:16:41 [main] DEBUG c.g.y.a.jni.SystemMonitorManagerJNI - Process 11012: CPU 0.000000
2025-04-19 19:16:41 [main] DEBUG c.g.y.a.jni.SystemMonitorManagerJNI - Process 14112: CPU 0.000000
2025-04-19 19:16:41 [main] DEBUG c.g.y.a.jni.SystemMonitorManagerJNI - Process 15852: CPU 0.000000
2025-04-19 19:16:41 [main] DEBUG c.g.y.a.jni.SystemMonitorManagerJNI - Process 17564: CPU 0.000000
2025-04-19 19:16:41 [main] DEBUG c.g.y.a.jni.SystemMonitorManagerJNI - Process 18092: CPU 0.000000
2025-04-19 19:16:41 [main] DEBUG c.g.y.a.jni.SystemMonitorManagerJNI - Process 22136: CPU 0.000000
2025-04-19 19:16:41 [main] DEBUG c.g.y.a.jni.SystemMonitorManagerJNI - Process 24304: CPU 0.000000
2025-04-19 19:16:41 [main] DEBUG c.g.y.a.jni.SystemMonitorManagerJNI - Process 38652: CPU 0.000000
2025-04-19 19:16:41 [main] DEBUG c.g.y.a.jni.SystemMonitorManagerJNI - Process 41908: CPU 0.000000
2025-04-19 19:16:41 [main] DEBUG c.g.y.a.jni.SystemMonitorManagerJNI - Process 48192: CPU 0.000000
2025-04-19 19:16:41 [main] DEBUG c.g.y.a.jni.SystemMonitorManagerJNI - Process 49284: CPU 0.000000
2025-04-19 19:16:41 [main] DEBUG c.g.y.a.jni.SystemMonitorManagerJNI - Process 53068: CPU 0.000000
2025-04-19 19:16:41 [main] DEBUG c.g.y.a.jni.SystemMonitorManagerJNI - Process 5348: CPU 0.000000
2025-04-19 19:16:41 [main] DEBUG c.g.y.a.jni.SystemMonitorManagerJNI - Process 53576: CPU 0.000000
2025-04-19 19:16:41 [main] DEBUG c.g.y.a.jni.SystemMonitorManagerJNI - Process 1136: CPU 0.000000
2025-04-19 19:16:41 [main] DEBUG c.g.y.a.jni.SystemMonitorManagerJNI - Process 1296: CPU 0.000000
2025-04-19 19:16:41 [main] DEBUG c.g.y.a.jni.SystemMonitorManagerJNI - Process 14532: CPU 0.000000
2025-04-19 19:16:41 [main] DEBUG c.g.y.a.jni.SystemMonitorManagerJNI - Process 6540: CPU 0.000000
2025-04-19 19:16:41 [main] DEBUG c.g.y.a.jni.SystemMonitorManagerJNI - Process 8140: CPU 0.000000
2025-04-19 19:16:41 [main] DEBUG c.g.y.a.jni.SystemMonitorManagerJNI - Process 22028: CPU 0.000000
2025-04-19 19:16:41 [main] DEBUG c.g.y.a.jni.SystemMonitorManagerJNI - Process 38756: CPU 0.000000
2025-04-19 19:16:41 [main] DEBUG c.g.y.a.jni.SystemMonitorManagerJNI - Process 53124: CPU 0.000000
2025-04-19 19:16:41 [main] DEBUG c.g.y.a.jni.SystemMonitorManagerJNI - Process 1980: CPU 0.736066
2025-04-19 19:16:41 [main] DEBUG c.g.y.a.jni.SystemMonitorManagerJNI - Process 8940: CPU 0.000000
2025-04-19 19:16:41 [main] DEBUG c.g.y.a.jni.SystemMonitorManagerJNI - Process 1648: CPU 0.000000
2025-04-19 19:16:41 [main] DEBUG c.g.y.a.jni.SystemMonitorManagerJNI - Process 1652: CPU 0.000000
2025-04-19 19:16:41 [main] DEBUG c.g.y.a.jni.SystemMonitorManagerJNI - Process 15692: CPU 0.000000
2025-04-19 19:16:41 [main] DEBUG c.g.y.a.jni.SystemMonitorManagerJNI - Process 7484: CPU 0.000000
2025-04-19 19:16:41 [main] DEBUG c.g.y.a.jni.SystemMonitorManagerJNI - Process 28636: CPU 0.000000
2025-04-19 19:16:41 [main] DEBUG c.g.y.a.jni.SystemMonitorManagerJNI - Process 36832: CPU 0.000000
2025-04-19 19:16:41 [main] DEBUG c.g.y.a.jni.SystemMonitorManagerJNI - Process 8976: CPU 0.000000
2025-04-19 19:16:41 [main] DEBUG c.g.y.a.jni.SystemMonitorManagerJNI - Process 8812: CPU 0.000000
2025-04-19 19:16:41 [main] DEBUG c.g.y.a.jni.SystemMonitorManagerJNI - Process 24696: CPU 11.593042
2025-04-19 19:16:41 [main] DEBUG c.g.y.a.jni.SystemMonitorManagerJNI - Process 14080: CPU 0.184017
2025-04-19 19:16:41 [main] DEBUG c.g.y.a.jni.SystemMonitorManagerJNI - Process 42332: CPU 0.000000
2025-04-19 19:16:41 [main] DEBUG c.g.y.a.jni.SystemMonitorManagerJNI - Process 56000: CPU 2.760248
2025-04-19 19:16:41 [main] DEBUG c.g.y.a.jni.SystemMonitorManagerJNI - Process 16736: CPU 0.000000
2025-04-19 19:16:41 [main] DEBUG c.g.y.a.jni.SystemMonitorManagerJNI - Process 18908: CPU 0.000000
2025-04-19 19:16:41 [main] DEBUG c.g.y.a.jni.SystemMonitorManagerJNI - Process 1476: CPU 0.000000
2025-04-19 19:16:41 [main] DEBUG c.g.y.a.jni.SystemMonitorManagerJNI - Process 10920: CPU 0.000000
2025-04-19 19:16:41 [main] DEBUG c.g.y.a.jni.SystemMonitorManagerJNI - Process 29176: CPU 0.000000
2025-04-19 19:16:41 [main] DEBUG c.g.y.a.jni.SystemMonitorManagerJNI - Process 36236: CPU 0.000000
2025-04-19 19:16:41 [main] DEBUG c.g.y.a.jni.SystemMonitorManagerJNI - Process 38100: CPU 0.000000
2025-04-19 19:16:41 [main] DEBUG c.g.y.a.jni.SystemMonitorManagerJNI - Process 42156: CPU 0.000000
2025-04-19 19:16:41 [main] DEBUG c.g.y.a.jni.SystemMonitorManagerJNI - Process 44828: CPU 0.000000
2025-04-19 19:16:41 [main] DEBUG c.g.y.a.jni.SystemMonitorManagerJNI - Process 57032: CPU 0.000000
2025-04-19 19:16:41 [main] DEBUG c.g.y.a.jni.SystemMonitorManagerJNI - Process 12736: CPU 0.000000
2025-04-19 19:16:41 [main] DEBUG c.g.y.a.jni.SystemMonitorManagerJNI - Process 13476: CPU 0.000000
2025-04-19 19:16:41 [main] DEBUG c.g.y.a.jni.SystemMonitorManagerJNI - Process 13620: CPU 0.000000
2025-04-19 19:16:41 [main] DEBUG c.g.y.a.jni.SystemMonitorManagerJNI - Process 13944: CPU 0.000000
2025-04-19 19:16:41 [main] DEBUG c.g.y.a.jni.SystemMonitorManagerJNI - Process 14132: CPU 0.000000
2025-04-19 19:16:41 [main] DEBUG c.g.y.a.jni.SystemMonitorManagerJNI - Process 14468: CPU 0.000000
2025-04-19 19:16:41 [main] DEBUG c.g.y.a.jni.SystemMonitorManagerJNI - Process 36604: CPU 0.000000
2025-04-19 19:16:41 [main] DEBUG c.g.y.a.jni.SystemMonitorManagerJNI - Process 50668: CPU 0.000000
2025-04-19 19:16:41 [main] DEBUG c.g.y.a.jni.SystemMonitorManagerJNI - Process 52036: CPU 0.000000
2025-04-19 19:16:41 [main] DEBUG c.g.y.a.jni.SystemMonitorManagerJNI - Process 53316: CPU 0.000000
2025-04-19 19:16:41 [main] DEBUG c.g.y.a.jni.SystemMonitorManagerJNI - Process 53756: CPU 0.000000
2025-04-19 19:16:41 [main] DEBUG c.g.y.a.jni.SystemMonitorManagerJNI - Process 54320: CPU 0.000000
2025-04-19 19:16:41 [main] DEBUG c.g.y.a.jni.SystemMonitorManagerJNI - Process 54340: CPU 0.000000
2025-04-19 19:16:41 [main] DEBUG c.g.y.a.jni.SystemMonitorManagerJNI - Process 54428: CPU 0.000000
2025-04-19 19:16:41 [main] DEBUG c.g.y.a.jni.SystemMonitorManagerJNI - Process 54888: CPU 0.000000
2025-04-19 19:16:41 [main] DEBUG c.g.y.a.jni.SystemMonitorManagerJNI - Process 55132: CPU 0.000000
2025-04-19 19:16:41 [main] DEBUG c.g.y.a.jni.SystemMonitorManagerJNI - Process 51848: CPU 0.000000
2025-04-19 19:16:41 [main] DEBUG c.g.y.a.jni.SystemMonitorManagerJNI - Process 23908: CPU 0.000000
2025-04-19 19:16:41 [main] DEBUG c.g.y.a.jni.SystemMonitorManagerJNI - Process 6076: CPU 0.000000
2025-04-19 19:16:41 [main] DEBUG c.g.y.a.jni.SystemMonitorManagerJNI - Process 8252: CPU 0.000000
2025-04-19 19:16:41 [main] DEBUG c.g.y.a.jni.SystemMonitorManagerJNI - Process 8896: CPU 0.000000
2025-04-19 19:16:41 [main] DEBUG c.g.y.a.jni.SystemMonitorManagerJNI - Process 50452: CPU 0.000000
2025-04-19 19:16:41 [main] DEBUG c.g.y.a.jni.SystemMonitorManagerJNI - Process 1360: CPU 0.000000
2025-04-19 19:16:41 [main] DEBUG c.g.y.a.jni.SystemMonitorManagerJNI - Process 5352: CPU 0.000000
2025-04-19 19:16:41 [main] DEBUG c.g.y.a.jni.SystemMonitorManagerJNI - Process 788: CPU 0.000000
2025-04-19 19:16:41 [main] DEBUG c.g.y.a.jni.SystemMonitorManagerJNI - Process 5200: CPU 0.000000
2025-04-19 19:16:41 [main] DEBUG c.g.y.a.jni.SystemMonitorManagerJNI - Process 10012: CPU 0.000000
2025-04-19 19:16:41 [main] DEBUG c.g.y.a.jni.SystemMonitorManagerJNI - Process 10132: CPU 0.000000
2025-04-19 19:16:41 [main] DEBUG c.g.y.a.jni.SystemMonitorManagerJNI - Process 10420: CPU 0.000000
2025-04-19 19:16:41 [main] DEBUG c.g.y.a.jni.SystemMonitorManagerJNI - Process 10684: CPU 0.000000
2025-04-19 19:16:41 [main] DEBUG c.g.y.a.jni.SystemMonitorManagerJNI - Process 10728: CPU 0.000000
2025-04-19 19:16:41 [main] DEBUG c.g.y.a.jni.SystemMonitorManagerJNI - Process 10868: CPU 0.000000
2025-04-19 19:16:41 [main] DEBUG c.g.y.a.jni.SystemMonitorManagerJNI - Process 11872: CPU 0.000000
2025-04-19 19:16:41 [main] DEBUG c.g.y.a.jni.SystemMonitorManagerJNI - Process 13144: CPU 0.000000
2025-04-19 19:16:41 [main] DEBUG c.g.y.a.jni.SystemMonitorManagerJNI - Process 1484: CPU 0.000000
2025-04-19 19:16:41 [main] DEBUG c.g.y.a.jni.SystemMonitorManagerJNI - Process 1540: CPU 0.000000
2025-04-19 19:16:41 [main] DEBUG c.g.y.a.jni.SystemMonitorManagerJNI - Process 1548: CPU 0.000000
2025-04-19 19:16:41 [main] DEBUG c.g.y.a.jni.SystemMonitorManagerJNI - Process 15504: CPU 0.000000
2025-04-19 19:16:41 [main] DEBUG c.g.y.a.jni.SystemMonitorManagerJNI - Process 16140: CPU 0.000000
2025-04-19 19:16:41 [main] DEBUG c.g.y.a.jni.SystemMonitorManagerJNI - Process 1628: CPU 0.000000
2025-04-19 19:16:41 [main] DEBUG c.g.y.a.jni.SystemMonitorManagerJNI - Process 1748: CPU 0.000000
2025-04-19 19:16:41 [main] DEBUG c.g.y.a.jni.SystemMonitorManagerJNI - Process 1804: CPU 0.000000
2025-04-19 19:16:41 [main] DEBUG c.g.y.a.jni.SystemMonitorManagerJNI - Process 1812: CPU 0.000000
2025-04-19 19:16:41 [main] DEBUG c.g.y.a.jni.SystemMonitorManagerJNI - Process 18796: CPU 0.000000
2025-04-19 19:16:41 [main] DEBUG c.g.y.a.jni.SystemMonitorManagerJNI - Process 20096: CPU 0.000000
2025-04-19 19:16:41 [main] DEBUG c.g.y.a.jni.SystemMonitorManagerJNI - Process 2156: CPU 0.000000
2025-04-19 19:16:41 [main] DEBUG c.g.y.a.jni.SystemMonitorManagerJNI - Process 2164: CPU 0.184017
2025-04-19 19:16:41 [main] DEBUG c.g.y.a.jni.SystemMonitorManagerJNI - Process 2236: CPU 0.000000
2025-04-19 19:16:41 [main] DEBUG c.g.y.a.jni.SystemMonitorManagerJNI - Process 2248: CPU 0.000000
2025-04-19 19:16:41 [main] DEBUG c.g.y.a.jni.SystemMonitorManagerJNI - Process 2256: CPU 0.000000
2025-04-19 19:16:41 [main] DEBUG c.g.y.a.jni.SystemMonitorManagerJNI - Process 22692: CPU 0.000000
2025-04-19 19:16:41 [main] DEBUG c.g.y.a.jni.SystemMonitorManagerJNI - Process 2280: CPU 0.000000
2025-04-19 19:16:41 [main] DEBUG c.g.y.a.jni.SystemMonitorManagerJNI - Process 2296: CPU 0.000000
2025-04-19 19:16:41 [main] DEBUG c.g.y.a.jni.SystemMonitorManagerJNI - Process 2468: CPU 0.000000
2025-04-19 19:16:41 [main] DEBUG c.g.y.a.jni.SystemMonitorManagerJNI - Process 2488: CPU 0.000000
2025-04-19 19:16:41 [main] DEBUG c.g.y.a.jni.SystemMonitorManagerJNI - Process 2536: CPU 0.000000
2025-04-19 19:16:41 [main] DEBUG c.g.y.a.jni.SystemMonitorManagerJNI - Process 2552: CPU 0.000000
2025-04-19 19:16:41 [main] DEBUG c.g.y.a.jni.SystemMonitorManagerJNI - Process 2636: CPU 0.000000
2025-04-19 19:16:41 [main] DEBUG c.g.y.a.jni.SystemMonitorManagerJNI - Process 2692: CPU 0.000000
2025-04-19 19:16:41 [main] DEBUG c.g.y.a.jni.SystemMonitorManagerJNI - Process 2748: CPU 0.000000
2025-04-19 19:16:41 [main] DEBUG c.g.y.a.jni.SystemMonitorManagerJNI - Process 2776: CPU 0.000000
2025-04-19 19:16:41 [main] DEBUG c.g.y.a.jni.SystemMonitorManagerJNI - Process 2784: CPU 0.000000
2025-04-19 19:16:41 [main] DEBUG c.g.y.a.jni.SystemMonitorManagerJNI - Process 2800: CPU 0.000000
2025-04-19 19:16:41 [main] DEBUG c.g.y.a.jni.SystemMonitorManagerJNI - Process 30544: CPU 0.000000
2025-04-19 19:16:41 [main] DEBUG c.g.y.a.jni.SystemMonitorManagerJNI - Process 31524: CPU 0.000000
2025-04-19 19:16:41 [main] DEBUG c.g.y.a.jni.SystemMonitorManagerJNI - Process 3280: CPU 0.000000
2025-04-19 19:16:41 [main] DEBUG c.g.y.a.jni.SystemMonitorManagerJNI - Process 33340: CPU 0.000000
2025-04-19 19:16:41 [main] DEBUG c.g.y.a.jni.SystemMonitorManagerJNI - Process 3432: CPU 0.000000
2025-04-19 19:16:41 [main] DEBUG c.g.y.a.jni.SystemMonitorManagerJNI - Process 3624: CPU 0.000000
2025-04-19 19:16:41 [main] DEBUG c.g.y.a.jni.SystemMonitorManagerJNI - Process 3632: CPU 0.000000
2025-04-19 19:16:41 [main] DEBUG c.g.y.a.jni.SystemMonitorManagerJNI - Process 3644: CPU 0.000000
2025-04-19 19:16:41 [main] DEBUG c.g.y.a.jni.SystemMonitorManagerJNI - Process 3828: CPU 0.000000
2025-04-19 19:16:41 [main] DEBUG c.g.y.a.jni.SystemMonitorManagerJNI - Process 3892: CPU 0.000000
2025-04-19 19:16:41 [main] DEBUG c.g.y.a.jni.SystemMonitorManagerJNI - Process 3900: CPU 0.000000
2025-04-19 19:16:41 [main] DEBUG c.g.y.a.jni.SystemMonitorManagerJNI - Process 4040: CPU 0.000000
2025-04-19 19:16:41 [main] DEBUG c.g.y.a.jni.SystemMonitorManagerJNI - Process 40904: CPU 0.000000
2025-04-19 19:16:41 [main] DEBUG c.g.y.a.jni.SystemMonitorManagerJNI - Process 4140: CPU 0.000000
2025-04-19 19:16:41 [main] DEBUG c.g.y.a.jni.SystemMonitorManagerJNI - Process 4392: CPU 0.000000
2025-04-19 19:16:41 [main] DEBUG c.g.y.a.jni.SystemMonitorManagerJNI - Process 4436: CPU 0.000000
2025-04-19 19:16:41 [main] DEBUG c.g.y.a.jni.SystemMonitorManagerJNI - Process 45092: CPU 0.000000
2025-04-19 19:16:41 [main] DEBUG c.g.y.a.jni.SystemMonitorManagerJNI - Process 45488: CPU 0.000000
2025-04-19 19:16:41 [main] DEBUG c.g.y.a.jni.SystemMonitorManagerJNI - Process 4664: CPU 0.000000
2025-04-19 19:16:41 [main] DEBUG c.g.y.a.jni.SystemMonitorManagerJNI - Process 46856: CPU 0.000000
2025-04-19 19:16:41 [main] DEBUG c.g.y.a.jni.SystemMonitorManagerJNI - Process 4792: CPU 0.000000
2025-04-19 19:16:41 [main] DEBUG c.g.y.a.jni.SystemMonitorManagerJNI - Process 4832: CPU 0.000000
2025-04-19 19:16:41 [main] DEBUG c.g.y.a.jni.SystemMonitorManagerJNI - Process 4904: CPU 0.000000
2025-04-19 19:16:41 [main] DEBUG c.g.y.a.jni.SystemMonitorManagerJNI - Process 4940: CPU 0.000000
2025-04-19 19:16:41 [main] DEBUG c.g.y.a.jni.SystemMonitorManagerJNI - Process 4988: CPU 0.000000
2025-04-19 19:16:41 [main] DEBUG c.g.y.a.jni.SystemMonitorManagerJNI - Process 50112: CPU 0.000000
2025-04-19 19:16:41 [main] DEBUG c.g.y.a.jni.SystemMonitorManagerJNI - Process 5240: CPU 0.000000
2025-04-19 19:16:41 [main] DEBUG c.g.y.a.jni.SystemMonitorManagerJNI - Process 5248: CPU 0.000000
2025-04-19 19:16:41 [main] DEBUG c.g.y.a.jni.SystemMonitorManagerJNI - Process 5300: CPU 0.000000
2025-04-19 19:16:41 [main] DEBUG c.g.y.a.jni.SystemMonitorManagerJNI - Process 5356: CPU 0.000000
2025-04-19 19:16:41 [main] DEBUG c.g.y.a.jni.SystemMonitorManagerJNI - Process 5676: CPU 0.000000
2025-04-19 19:16:41 [main] DEBUG c.g.y.a.jni.SystemMonitorManagerJNI - Process 5744: CPU 0.000000
2025-04-19 19:16:41 [main] DEBUG c.g.y.a.jni.SystemMonitorManagerJNI - Process 5812: CPU 0.000000
2025-04-19 19:16:41 [main] DEBUG c.g.y.a.jni.SystemMonitorManagerJNI - Process 5828: CPU 0.000000
2025-04-19 19:16:41 [main] DEBUG c.g.y.a.jni.SystemMonitorManagerJNI - Process 5932: CPU 0.000000
2025-04-19 19:16:41 [main] DEBUG c.g.y.a.jni.SystemMonitorManagerJNI - Process 5940: CPU 0.000000
2025-04-19 19:16:41 [main] DEBUG c.g.y.a.jni.SystemMonitorManagerJNI - Process 5948: CPU 0.000000
2025-04-19 19:16:41 [main] DEBUG c.g.y.a.jni.SystemMonitorManagerJNI - Process 6000: CPU 0.000000
2025-04-19 19:16:41 [main] DEBUG c.g.y.a.jni.SystemMonitorManagerJNI - Process 6028: CPU 0.000000
2025-04-19 19:16:41 [main] DEBUG c.g.y.a.jni.SystemMonitorManagerJNI - Process 6140: CPU 0.000000
2025-04-19 19:16:41 [main] DEBUG c.g.y.a.jni.SystemMonitorManagerJNI - Process 6152: CPU 0.000000
2025-04-19 19:16:41 [main] DEBUG c.g.y.a.jni.SystemMonitorManagerJNI - Process 6500: CPU 0.000000
2025-04-19 19:16:41 [main] DEBUG c.g.y.a.jni.SystemMonitorManagerJNI - Process 6552: CPU 0.000000
2025-04-19 19:16:41 [main] DEBUG c.g.y.a.jni.SystemMonitorManagerJNI - Process 6720: CPU 0.000000
2025-04-19 19:16:41 [main] DEBUG c.g.y.a.jni.SystemMonitorManagerJNI - Process 6860: CPU 0.000000
2025-04-19 19:16:41 [main] DEBUG c.g.y.a.jni.SystemMonitorManagerJNI - Process 7132: CPU 0.000000
2025-04-19 19:16:41 [main] DEBUG c.g.y.a.jni.SystemMonitorManagerJNI - Process 7584: CPU 0.000000
2025-04-19 19:16:41 [main] DEBUG c.g.y.a.jni.SystemMonitorManagerJNI - Process 7644: CPU 0.000000
2025-04-19 19:16:41 [main] DEBUG c.g.y.a.jni.SystemMonitorManagerJNI - Process 8144: CPU 0.000000
2025-04-19 19:16:41 [main] DEBUG c.g.y.a.jni.SystemMonitorManagerJNI - Process 8156: CPU 0.000000
2025-04-19 19:16:41 [main] DEBUG c.g.y.a.jni.SystemMonitorManagerJNI - Process 8260: CPU 0.000000
2025-04-19 19:16:41 [main] DEBUG c.g.y.a.jni.SystemMonitorManagerJNI - Process 8568: CPU 0.000000
2025-04-19 19:16:41 [main] DEBUG c.g.y.a.jni.SystemMonitorManagerJNI - Process 8620: CPU 0.000000
2025-04-19 19:16:41 [main] DEBUG c.g.y.a.jni.SystemMonitorManagerJNI - Process 8648: CPU 0.000000
2025-04-19 19:16:41 [main] DEBUG c.g.y.a.jni.SystemMonitorManagerJNI - Process 9112: CPU 0.000000
2025-04-19 19:16:41 [main] DEBUG c.g.y.a.jni.SystemMonitorManagerJNI - Process 9412: CPU 0.000000
2025-04-19 19:16:41 [main] DEBUG c.g.y.a.jni.SystemMonitorManagerJNI - Process 9440: CPU 0.000000
2025-04-19 19:16:41 [main] DEBUG c.g.y.a.jni.SystemMonitorManagerJNI - Process 9704: CPU 0.000000
2025-04-19 19:16:41 [main] DEBUG c.g.y.a.jni.SystemMonitorManagerJNI - Process 9744: CPU 0.000000
2025-04-19 19:16:41 [main] DEBUG c.g.y.a.jni.SystemMonitorManagerJNI - Process 25688: CPU 0.000000
2025-04-19 19:16:41 [main] DEBUG c.g.y.a.jni.SystemMonitorManagerJNI - Process 8044: CPU 0.000000
2025-04-19 19:16:41 [main] DEBUG c.g.y.a.jni.SystemMonitorManagerJNI - Process 10724: CPU 0.000000
2025-04-19 19:16:41 [main] DEBUG c.g.y.a.jni.SystemMonitorManagerJNI - Process 11300: CPU 0.000000
2025-04-19 19:16:41 [main] DEBUG c.g.y.a.jni.SystemMonitorManagerJNI - Process 11976: CPU 0.000000
2025-04-19 19:16:41 [main] DEBUG c.g.y.a.jni.SystemMonitorManagerJNI - Process 12236: CPU 0.552050
2025-04-19 19:16:41 [main] DEBUG c.g.y.a.jni.SystemMonitorManagerJNI - Process 3316: CPU 0.368033
2025-04-19 19:16:41 [main] DEBUG c.g.y.a.jni.SystemMonitorManagerJNI - Process 7312: CPU 0.000000
2025-04-19 19:16:41 [main] DEBUG c.g.y.a.jni.SystemMonitorManagerJNI - Process 43656: CPU 0.000000
2025-04-19 19:16:41 [main] DEBUG c.g.y.a.jni.SystemMonitorManagerJNI - Process 45556: CPU 0.000000
2025-04-19 19:16:41 [main] DEBUG c.g.y.a.jni.SystemMonitorManagerJNI - Process 8356: CPU 0.000000
2025-04-19 19:16:41 [main] DEBUG c.g.y.a.jni.SystemMonitorManagerJNI - Process 40884: CPU 0.000000
2025-04-19 19:16:41 [main] DEBUG c.g.y.a.jni.SystemMonitorManagerJNI - Process 4672: CPU 0.000000
2025-04-19 19:16:41 [main] DEBUG c.g.y.a.jni.SystemMonitorManagerJNI - Process 8076: CPU 0.000000
2025-04-19 19:16:41 [main] DEBUG c.g.y.a.jni.SystemMonitorManagerJNI - Process 5796: CPU 0.000000
2025-04-19 19:16:41 [main] DEBUG c.g.y.a.jni.SystemMonitorManagerJNI - Process 1288: CPU 0.000000
2025-04-19 19:16:41 [main] DEBUG c.g.y.a.jni.SystemMonitorManagerJNI - Process 1392: CPU 0.000000
2025-04-19 19:16:41 [main] DEBUG c.g.y.a.jni.SystemMonitorManagerJNI - Process 6120: CPU 0.000000
2025-04-19 19:16:41 [main] DEBUG c.g.y.a.jni.SystemMonitorManagerJNI - Process 46512: CPU 0.000000
2025-04-19 19:16:41 [main] DEBUG c.g.y.a.jni.SystemMonitorManagerJNI - Process 48400: CPU 0.000000
2025-04-19 19:16:41 [main] DEBUG c.g.y.a.jni.SystemMonitorManagerJNI - Process 41356: CPU 0.000000
2025-04-19 19:16:41 [main] DEBUG c.g.y.a.jni.SystemMonitorManagerJNI - Process 50428: CPU 0.000000
2025-04-19 19:16:41 [main] DEBUG c.g.y.a.jni.SystemMonitorManagerJNI - Process 55664: CPU 0.000000
2025-04-19 19:16:41 [main] DEBUG c.g.y.a.jni.SystemMonitorManagerJNI - Process 50892: CPU 0.000000
2025-04-19 19:16:41 [main] DEBUG c.g.y.a.jni.SystemMonitorManagerJNI - Process 6212: CPU 0.000000
2025-04-19 19:16:41 [main] DEBUG c.g.y.a.jni.SystemMonitorManagerJNI - Process 46304: CPU 0.000000
2025-04-19 19:16:41 [main] DEBUG c.g.y.a.jni.SystemMonitorManagerJNI - Process 11580: CPU 0.000000
2025-04-19 19:16:41 [main] DEBUG c.g.y.a.jni.SystemMonitorManagerJNI - Process 11880: CPU 0.000000
2025-04-19 19:16:41 [main] DEBUG c.g.y.a.jni.SystemMonitorManagerJNI - Process 12640: CPU 0.000000
2025-04-19 19:16:41 [main] DEBUG c.g.y.a.jni.SystemMonitorManagerJNI - Process 13400: CPU 0.000000
2025-04-19 19:16:41 [main] DEBUG c.g.y.a.jni.SystemMonitorManagerJNI - Process 2192: CPU 0.000000
2025-04-19 19:16:41 [main] DEBUG c.g.y.a.jni.SystemMonitorManagerJNI - Process 22504: CPU 0.000000
2025-04-19 19:16:41 [main] DEBUG c.g.y.a.jni.SystemMonitorManagerJNI - Process 23084: CPU 0.000000
2025-04-19 19:16:41 [main] DEBUG c.g.y.a.jni.SystemMonitorManagerJNI - Process 2316: CPU 0.000000
2025-04-19 19:16:41 [main] DEBUG c.g.y.a.jni.SystemMonitorManagerJNI - Process 30604: CPU 0.000000
2025-04-19 19:16:41 [main] DEBUG c.g.y.a.jni.SystemMonitorManagerJNI - Process 34312: CPU 0.000000
2025-04-19 19:16:41 [main] DEBUG c.g.y.a.jni.SystemMonitorManagerJNI - Process 45804: CPU 0.000000
2025-04-19 19:16:41 [main] DEBUG c.g.y.a.jni.SystemMonitorManagerJNI - Process 52516: CPU 0.000000
2025-04-19 19:16:41 [main] DEBUG c.g.y.a.jni.SystemMonitorManagerJNI - Process 53960: CPU 0.000000
2025-04-19 19:16:41 [main] DEBUG c.g.y.a.jni.SystemMonitorManagerJNI - Process 6684: CPU 0.000000
2025-04-19 19:16:44 [main] DEBUG c.g.y.a.jni.SystemMonitorManagerJNI - Process 21408: CPU 0.000000
2025-04-19 19:16:44 [main] DEBUG c.g.y.a.jni.SystemMonitorManagerJNI - Process 9980: CPU 0.000000
2025-04-19 19:16:44 [main] DEBUG c.g.y.a.jni.SystemMonitorManagerJNI - Process 31592: CPU 0.000000
2025-04-19 19:16:44 [main] DEBUG c.g.y.a.jni.SystemMonitorManagerJNI - Process 55600: CPU 0.000000
2025-04-19 19:16:44 [main] DEBUG c.g.y.a.jni.SystemMonitorManagerJNI - Process 19676: CPU 0.000000
2025-04-19 19:16:44 [main] DEBUG c.g.y.a.jni.SystemMonitorManagerJNI - Process 5924: CPU 0.000000
2025-04-19 19:16:44 [main] DEBUG c.g.y.a.jni.SystemMonitorManagerJNI - Process 9572: CPU 0.000000
2025-04-19 19:16:44 [main] DEBUG c.g.y.a.jni.SystemMonitorManagerJNI - Process 5840: CPU 0.000000
2025-04-19 19:16:44 [main] DEBUG c.g.y.a.jni.SystemMonitorManagerJNI - Process 3388: CPU 0.000000
2025-04-19 19:16:44 [main] DEBUG c.g.y.a.jni.SystemMonitorManagerJNI - Process 5908: CPU 0.000000
2025-04-19 19:16:44 [main] DEBUG c.g.y.a.jni.SystemMonitorManagerJNI - Process 26584: CPU 0.000000
2025-04-19 19:16:44 [main] DEBUG c.g.y.a.jni.SystemMonitorManagerJNI - Process 5848: CPU 0.000000
2025-04-19 19:16:44 [main] DEBUG c.g.y.a.jni.SystemMonitorManagerJNI - Process 5384: CPU 0.000000
2025-04-19 19:16:44 [main] DEBUG c.g.y.a.jni.SystemMonitorManagerJNI - Process 4976: CPU 0.000000
2025-04-19 19:16:44 [main] DEBUG c.g.y.a.jni.SystemMonitorManagerJNI - Process 8980: CPU 0.000000
2025-04-19 19:16:44 [main] DEBUG c.g.y.a.jni.SystemMonitorManagerJNI - Process 5872: CPU 0.000000
2025-04-19 19:16:44 [main] DEBUG c.g.y.a.jni.SystemMonitorManagerJNI - Process 5860: CPU 0.000000
2025-04-19 19:16:44 [main] DEBUG c.g.y.a.jni.SystemMonitorManagerJNI - Process 20348: CPU 0.000000
2025-04-19 19:16:44 [main] DEBUG c.g.y.a.jni.SystemMonitorManagerJNI - Process 5880: CPU 0.000000
2025-04-19 19:16:44 [main] DEBUG c.g.y.a.jni.SystemMonitorManagerJNI - Process 40860: CPU 0.000000
2025-04-19 19:16:44 [main] DEBUG c.g.y.a.jni.SystemMonitorManagerJNI - Process 5900: CPU 0.000000
2025-04-19 19:16:44 [main] DEBUG c.g.y.a.jni.SystemMonitorManagerJNI - Process 5964: CPU 0.000000
2025-04-19 19:16:44 [main] DEBUG c.g.y.a.jni.SystemMonitorManagerJNI - Process 15628: CPU 0.000000
2025-04-19 19:16:44 [main] DEBUG c.g.y.a.jni.SystemMonitorManagerJNI - Process 16500: CPU 0.000000
2025-04-19 19:16:44 [main] DEBUG c.g.y.a.jni.SystemMonitorManagerJNI - Process 17244: CPU 0.000000
2025-04-19 19:16:44 [main] DEBUG c.g.y.a.jni.SystemMonitorManagerJNI - Process 54068: CPU 0.000000
2025-04-19 19:16:44 [main] DEBUG c.g.y.a.jni.SystemMonitorManagerJNI - Process 53116: CPU 0.000000
2025-04-19 19:16:44 [main] DEBUG c.g.y.a.jni.SystemMonitorManagerJNI - Process 5892: CPU 0.000000
2025-04-19 19:16:44 [main] DEBUG c.g.y.a.jni.SystemMonitorManagerJNI - Process 11616: CPU 0.556070
2025-04-19 19:16:44 [main] DEBUG c.g.y.a.jni.SystemMonitorManagerJNI - Process 18744: CPU 0.000000
2025-04-19 19:16:44 [main] DEBUG c.g.y.a.jni.SystemMonitorManagerJNI - Process 19004: CPU 0.185357
2025-04-19 19:16:44 [main] DEBUG c.g.y.a.jni.SystemMonitorManagerJNI - Process 19680: CPU 0.000000
2025-04-19 19:16:44 [main] DEBUG c.g.y.a.jni.SystemMonitorManagerJNI - Process 20316: CPU 0.000000
2025-04-19 19:16:44 [main] DEBUG c.g.y.a.jni.SystemMonitorManagerJNI - Process 55004: CPU 0.000000
2025-04-19 19:16:44 [main] DEBUG c.g.y.a.jni.SystemMonitorManagerJNI - Process 12472: CPU 0.000000
2025-04-19 19:16:44 [main] DEBUG c.g.y.a.jni.SystemMonitorManagerJNI - Process 16336: CPU 0.000000
2025-04-19 19:16:44 [main] DEBUG c.g.y.a.jni.SystemMonitorManagerJNI - Process 20832: CPU 0.000000
2025-04-19 19:16:44 [main] DEBUG c.g.y.a.jni.SystemMonitorManagerJNI - Process 20912: CPU 0.000000
2025-04-19 19:16:44 [main] DEBUG c.g.y.a.jni.SystemMonitorManagerJNI - Process 21044: CPU 0.000000
2025-04-19 19:16:44 [main] DEBUG c.g.y.a.jni.SystemMonitorManagerJNI - Process 21084: CPU 0.000000
2025-04-19 19:16:44 [main] DEBUG c.g.y.a.jni.SystemMonitorManagerJNI - Process 21116: CPU 0.000000
2025-04-19 19:16:44 [main] DEBUG c.g.y.a.jni.SystemMonitorManagerJNI - Process 22216: CPU 0.000000
2025-04-19 19:16:44 [main] DEBUG c.g.y.a.jni.SystemMonitorManagerJNI - Process 4816: CPU 0.000000
2025-04-19 19:16:44 [main] DEBUG c.g.y.a.jni.SystemMonitorManagerJNI - Process 5916: CPU 0.000000
2025-04-19 19:16:44 [main] DEBUG c.g.y.a.jni.SystemMonitorManagerJNI - Process 13572: CPU 0.000000
2025-04-19 19:16:44 [main] DEBUG c.g.y.a.jni.SystemMonitorManagerJNI - Process 16400: CPU 0.000000
2025-04-19 19:16:44 [main] DEBUG c.g.y.a.jni.SystemMonitorManagerJNI - Process 16508: CPU 0.000000
2025-04-19 19:16:44 [main] DEBUG c.g.y.a.jni.SystemMonitorManagerJNI - Process 16656: CPU 0.000000
2025-04-19 19:16:44 [main] DEBUG c.g.y.a.jni.SystemMonitorManagerJNI - Process 16708: CPU 0.000000
2025-04-19 19:16:44 [main] DEBUG c.g.y.a.jni.SystemMonitorManagerJNI - Process 17528: CPU 0.370713
2025-04-19 19:16:44 [main] DEBUG c.g.y.a.jni.SystemMonitorManagerJNI - Process 20640: CPU 0.000000
2025-04-19 19:16:44 [main] DEBUG c.g.y.a.jni.SystemMonitorManagerJNI - Process 13292: CPU 0.000000
2025-04-19 19:16:44 [main] DEBUG c.g.y.a.jni.SystemMonitorManagerJNI - Process 49396: CPU 0.000000
2025-04-19 19:16:44 [main] DEBUG c.g.y.a.jni.SystemMonitorManagerJNI - Process 11864: CPU 0.000000
2025-04-19 19:16:44 [main] DEBUG c.g.y.a.jni.SystemMonitorManagerJNI - Process 6108: CPU 0.000000
2025-04-19 19:16:44 [main] DEBUG c.g.y.a.jni.SystemMonitorManagerJNI - Process 21592: CPU 0.185357
2025-04-19 19:16:44 [main] DEBUG c.g.y.a.jni.SystemMonitorManagerJNI - Process 21928: CPU 0.000000
2025-04-19 19:16:44 [main] DEBUG c.g.y.a.jni.SystemMonitorManagerJNI - Process 18408: CPU 0.000000
2025-04-19 19:16:44 [main] DEBUG c.g.y.a.jni.SystemMonitorManagerJNI - Process 0: CPU 63.206573
2025-04-19 19:16:44 [main] DEBUG c.g.y.a.jni.SystemMonitorManagerJNI - Process 45072: CPU 0.000000
2025-04-19 19:16:44 [main] DEBUG c.g.y.a.jni.SystemMonitorManagerJNI - Process 1452: CPU 0.000000
2025-04-19 19:16:44 [main] DEBUG c.g.y.a.jni.SystemMonitorManagerJNI - Process 3768: CPU 0.000000
2025-04-19 19:16:44 [main] DEBUG c.g.y.a.jni.SystemMonitorManagerJNI - Process 45236: CPU 0.000000
2025-04-19 19:16:44 [main] DEBUG c.g.y.a.jni.SystemMonitorManagerJNI - Process 6084: CPU 0.000000
2025-04-19 19:16:44 [main] DEBUG c.g.y.a.jni.SystemMonitorManagerJNI - Process 6184: CPU 0.370713
2025-04-19 19:16:44 [main] DEBUG c.g.y.a.jni.SystemMonitorManagerJNI - Process 3376: CPU 0.185357
2025-04-19 19:16:44 [main] DEBUG c.g.y.a.jni.SystemMonitorManagerJNI - Process 3996: CPU 0.000000
2025-04-19 19:16:44 [main] DEBUG c.g.y.a.jni.SystemMonitorManagerJNI - Process 5000: CPU 0.000000
2025-04-19 19:16:44 [main] DEBUG c.g.y.a.jni.SystemMonitorManagerJNI - Process 1524: CPU 0.000000
2025-04-19 19:16:44 [main] DEBUG c.g.y.a.jni.SystemMonitorManagerJNI - Process 18680: CPU 0.000000
2025-04-19 19:16:44 [main] DEBUG c.g.y.a.jni.SystemMonitorManagerJNI - Process 19104: CPU 0.000000
2025-04-19 19:16:44 [main] DEBUG c.g.y.a.jni.SystemMonitorManagerJNI - Process 19140: CPU 0.000000
2025-04-19 19:16:44 [main] DEBUG c.g.y.a.jni.SystemMonitorManagerJNI - Process 19200: CPU 0.000000
2025-04-19 19:16:44 [main] DEBUG c.g.y.a.jni.SystemMonitorManagerJNI - Process 6012: CPU 0.000000
2025-04-19 19:16:44 [main] DEBUG c.g.y.a.jni.SystemMonitorManagerJNI - Process 20540: CPU 0.556070
2025-04-19 19:16:44 [main] DEBUG c.g.y.a.jni.SystemMonitorManagerJNI - Process 49344: CPU 0.000000
2025-04-19 19:16:44 [main] DEBUG c.g.y.a.jni.SystemMonitorManagerJNI - Process 21568: CPU 0.185357
2025-04-19 19:16:44 [main] DEBUG c.g.y.a.jni.SystemMonitorManagerJNI - Process 18600: CPU 0.000000
2025-04-19 19:16:44 [main] DEBUG c.g.y.a.jni.SystemMonitorManagerJNI - Process 16900: CPU 0.000000
2025-04-19 19:16:44 [main] DEBUG c.g.y.a.jni.SystemMonitorManagerJNI - Process 10312: CPU 0.000000
2025-04-19 19:16:44 [main] DEBUG c.g.y.a.jni.SystemMonitorManagerJNI - Process 9164: CPU 0.000000
2025-04-19 19:16:44 [main] DEBUG c.g.y.a.jni.SystemMonitorManagerJNI - Process 6092: CPU 0.000000
2025-04-19 19:16:44 [main] DEBUG c.g.y.a.jni.SystemMonitorManagerJNI - Process 280: CPU 0.000000
2025-04-19 19:16:44 [main] DEBUG c.g.y.a.jni.SystemMonitorManagerJNI - Process 27260: CPU 0.926783
2025-04-19 19:16:44 [main] DEBUG c.g.y.a.jni.SystemMonitorManagerJNI - Process 18800: CPU 0.000000
2025-04-19 19:16:44 [main] DEBUG c.g.y.a.jni.SystemMonitorManagerJNI - Process 6132: CPU 0.000000
2025-04-19 19:16:44 [main] DEBUG c.g.y.a.jni.SystemMonitorManagerJNI - Process 18660: CPU 0.000000
2025-04-19 19:16:44 [main] DEBUG c.g.y.a.jni.SystemMonitorManagerJNI - Process 13124: CPU 0.000000
2025-04-19 19:16:44 [main] DEBUG c.g.y.a.jni.SystemMonitorManagerJNI - Process 13284: CPU 0.000000
2025-04-19 19:16:44 [main] DEBUG c.g.y.a.jni.SystemMonitorManagerJNI - Process 4152: CPU 0.000000
2025-04-19 19:16:44 [main] DEBUG c.g.y.a.jni.SystemMonitorManagerJNI - Process 45144: CPU 0.000000
2025-04-19 19:16:44 [main] DEBUG c.g.y.a.jni.SystemMonitorManagerJNI - Process 45656: CPU 0.000000
2025-04-19 19:16:44 [main] DEBUG c.g.y.a.jni.SystemMonitorManagerJNI - Process 4716: CPU 0.000000
2025-04-19 19:16:44 [main] DEBUG c.g.y.a.jni.SystemMonitorManagerJNI - Process 7492: CPU 0.000000
2025-04-19 19:16:44 [main] DEBUG c.g.y.a.jni.SystemMonitorManagerJNI - Process 9732: CPU 0.000000
2025-04-19 19:16:44 [main] DEBUG c.g.y.a.jni.SystemMonitorManagerJNI - Process 42736: CPU 0.000000
2025-04-19 19:16:44 [main] DEBUG c.g.y.a.jni.SystemMonitorManagerJNI - Process 12908: CPU 0.000000
2025-04-19 19:16:44 [main] DEBUG c.g.y.a.jni.SystemMonitorManagerJNI - Process 10992: CPU 0.000000
2025-04-19 19:16:44 [main] DEBUG c.g.y.a.jni.SystemMonitorManagerJNI - Process 56820: CPU 0.000000
2025-04-19 19:16:44 [main] DEBUG c.g.y.a.jni.SystemMonitorManagerJNI - Process 236: CPU 0.000000
2025-04-19 19:16:44 [main] DEBUG c.g.y.a.jni.SystemMonitorManagerJNI - Process 4860: CPU 0.000000
2025-04-19 19:16:44 [main] DEBUG c.g.y.a.jni.SystemMonitorManagerJNI - Process 15404: CPU 0.000000
2025-04-19 19:16:44 [main] DEBUG c.g.y.a.jni.SystemMonitorManagerJNI - Process 5332: CPU 0.000000
2025-04-19 19:16:44 [main] DEBUG c.g.y.a.jni.SystemMonitorManagerJNI - Process 20360: CPU 0.000000
2025-04-19 19:16:44 [main] DEBUG c.g.y.a.jni.SystemMonitorManagerJNI - Process 52528: CPU 0.000000
2025-04-19 19:16:44 [main] DEBUG c.g.y.a.jni.SystemMonitorManagerJNI - Process 12932: CPU 0.000000
2025-04-19 19:16:44 [main] DEBUG c.g.y.a.jni.SystemMonitorManagerJNI - Process 6172: CPU 0.185357
2025-04-19 19:16:44 [main] DEBUG c.g.y.a.jni.SystemMonitorManagerJNI - Process 4: CPU 2.780348
2025-04-19 19:16:44 [main] DEBUG c.g.y.a.jni.SystemMonitorManagerJNI - Process 17572: CPU 0.000000
2025-04-19 19:16:44 [main] DEBUG c.g.y.a.jni.SystemMonitorManagerJNI - Process 26376: CPU 1.853565
2025-04-19 19:16:44 [main] DEBUG c.g.y.a.jni.SystemMonitorManagerJNI - Process 15916: CPU 0.000000
2025-04-19 19:16:44 [main] DEBUG c.g.y.a.jni.SystemMonitorManagerJNI - Process 17860: CPU 0.000000
2025-04-19 19:16:44 [main] DEBUG c.g.y.a.jni.SystemMonitorManagerJNI - Process 29580: CPU 0.185357
2025-04-19 19:16:44 [main] DEBUG c.g.y.a.jni.SystemMonitorManagerJNI - Process 1860: CPU 0.000000
2025-04-19 19:16:44 [main] DEBUG c.g.y.a.jni.SystemMonitorManagerJNI - Process 8268: CPU 0.000000
2025-04-19 19:16:44 [main] DEBUG c.g.y.a.jni.SystemMonitorManagerJNI - Process 13080: CPU 0.000000
2025-04-19 19:16:44 [main] DEBUG c.g.y.a.jni.SystemMonitorManagerJNI - Process 27208: CPU 0.000000
2025-04-19 19:16:44 [main] DEBUG c.g.y.a.jni.SystemMonitorManagerJNI - Process 53348: CPU 0.000000
2025-04-19 19:16:44 [main] DEBUG c.g.y.a.jni.SystemMonitorManagerJNI - Process 56564: CPU 0.000000
2025-04-19 19:16:44 [main] DEBUG c.g.y.a.jni.SystemMonitorManagerJNI - Process 7256: CPU 0.185357
2025-04-19 19:16:44 [main] DEBUG c.g.y.a.jni.SystemMonitorManagerJNI - Process 11596: CPU 0.000000
2025-04-19 19:16:44 [main] DEBUG c.g.y.a.jni.SystemMonitorManagerJNI - Process 48760: CPU 1.853565
2025-04-19 19:16:44 [main] DEBUG c.g.y.a.jni.SystemMonitorManagerJNI - Process 49936: CPU 0.000000
2025-04-19 19:16:44 [main] DEBUG c.g.y.a.jni.SystemMonitorManagerJNI - Process 51764: CPU 0.556070
2025-04-19 19:16:44 [main] DEBUG c.g.y.a.jni.SystemMonitorManagerJNI - Process 23164: CPU 0.000000
2025-04-19 19:16:44 [main] DEBUG c.g.y.a.jni.SystemMonitorManagerJNI - Process 31120: CPU 0.000000
2025-04-19 19:16:44 [main] DEBUG c.g.y.a.jni.SystemMonitorManagerJNI - Process 3416: CPU 0.000000
2025-04-19 19:16:44 [main] DEBUG c.g.y.a.jni.SystemMonitorManagerJNI - Process 3616: CPU 0.000000
2025-04-19 19:16:44 [main] DEBUG c.g.y.a.jni.SystemMonitorManagerJNI - Process 3424: CPU 0.000000
2025-04-19 19:16:44 [main] DEBUG c.g.y.a.jni.SystemMonitorManagerJNI - Process 53128: CPU 0.556070
2025-04-19 19:16:44 [main] DEBUG c.g.y.a.jni.SystemMonitorManagerJNI - Process 38600: CPU 0.000000
2025-04-19 19:16:44 [main] DEBUG c.g.y.a.jni.SystemMonitorManagerJNI - Process 7928: CPU 0.000000
2025-04-19 19:16:44 [main] DEBUG c.g.y.a.jni.SystemMonitorManagerJNI - Process 26128: CPU 12.233530
2025-04-19 19:16:44 [main] DEBUG c.g.y.a.jni.SystemMonitorManagerJNI - Process 55264: CPU 0.000000
2025-04-19 19:16:44 [main] DEBUG c.g.y.a.jni.SystemMonitorManagerJNI - Process 22336: CPU 0.000000
2025-04-19 19:16:44 [main] DEBUG c.g.y.a.jni.SystemMonitorManagerJNI - Process 10940: CPU 0.000000
2025-04-19 19:16:44 [main] DEBUG c.g.y.a.jni.SystemMonitorManagerJNI - Process 11012: CPU 0.000000
2025-04-19 19:16:44 [main] DEBUG c.g.y.a.jni.SystemMonitorManagerJNI - Process 14112: CPU 0.000000
2025-04-19 19:16:44 [main] DEBUG c.g.y.a.jni.SystemMonitorManagerJNI - Process 15852: CPU 0.000000
2025-04-19 19:16:44 [main] DEBUG c.g.y.a.jni.SystemMonitorManagerJNI - Process 17564: CPU 0.000000
2025-04-19 19:16:44 [main] DEBUG c.g.y.a.jni.SystemMonitorManagerJNI - Process 18092: CPU 0.000000
2025-04-19 19:16:44 [main] DEBUG c.g.y.a.jni.SystemMonitorManagerJNI - Process 22136: CPU 0.000000
2025-04-19 19:16:44 [main] DEBUG c.g.y.a.jni.SystemMonitorManagerJNI - Process 24304: CPU 0.000000
2025-04-19 19:16:44 [main] DEBUG c.g.y.a.jni.SystemMonitorManagerJNI - Process 38652: CPU 0.000000
2025-04-19 19:16:44 [main] DEBUG c.g.y.a.jni.SystemMonitorManagerJNI - Process 41908: CPU 0.000000
2025-04-19 19:16:44 [main] DEBUG c.g.y.a.jni.SystemMonitorManagerJNI - Process 48192: CPU 0.000000
2025-04-19 19:16:44 [main] DEBUG c.g.y.a.jni.SystemMonitorManagerJNI - Process 49284: CPU 0.000000
2025-04-19 19:16:44 [main] DEBUG c.g.y.a.jni.SystemMonitorManagerJNI - Process 53068: CPU 0.000000
2025-04-19 19:16:44 [main] DEBUG c.g.y.a.jni.SystemMonitorManagerJNI - Process 5348: CPU 0.000000
2025-04-19 19:16:44 [main] DEBUG c.g.y.a.jni.SystemMonitorManagerJNI - Process 53576: CPU 0.000000
2025-04-19 19:16:44 [main] DEBUG c.g.y.a.jni.SystemMonitorManagerJNI - Process 1136: CPU 0.000000
2025-04-19 19:16:44 [main] DEBUG c.g.y.a.jni.SystemMonitorManagerJNI - Process 1296: CPU 0.185357
2025-04-19 19:16:44 [main] DEBUG c.g.y.a.jni.SystemMonitorManagerJNI - Process 14532: CPU 0.000000
2025-04-19 19:16:44 [main] DEBUG c.g.y.a.jni.SystemMonitorManagerJNI - Process 6540: CPU 0.000000
2025-04-19 19:16:44 [main] DEBUG c.g.y.a.jni.SystemMonitorManagerJNI - Process 8140: CPU 0.000000
2025-04-19 19:16:44 [main] DEBUG c.g.y.a.jni.SystemMonitorManagerJNI - Process 22028: CPU 0.000000
2025-04-19 19:16:44 [main] DEBUG c.g.y.a.jni.SystemMonitorManagerJNI - Process 38756: CPU 0.000000
2025-04-19 19:16:44 [main] DEBUG c.g.y.a.jni.SystemMonitorManagerJNI - Process 53124: CPU 0.000000
2025-04-19 19:16:44 [main] DEBUG c.g.y.a.jni.SystemMonitorManagerJNI - Process 1980: CPU 1.297496
2025-04-19 19:16:44 [main] DEBUG c.g.y.a.jni.SystemMonitorManagerJNI - Process 8940: CPU 0.185357
2025-04-19 19:16:44 [main] DEBUG c.g.y.a.jni.SystemMonitorManagerJNI - Process 1648: CPU 0.000000
2025-04-19 19:16:44 [main] DEBUG c.g.y.a.jni.SystemMonitorManagerJNI - Process 1652: CPU 0.000000
2025-04-19 19:16:44 [main] DEBUG c.g.y.a.jni.SystemMonitorManagerJNI - Process 15692: CPU 0.185357
2025-04-19 19:16:44 [main] DEBUG c.g.y.a.jni.SystemMonitorManagerJNI - Process 7484: CPU 0.185357
2025-04-19 19:16:44 [main] DEBUG c.g.y.a.jni.SystemMonitorManagerJNI - Process 28636: CPU 0.000000
2025-04-19 19:16:44 [main] DEBUG c.g.y.a.jni.SystemMonitorManagerJNI - Process 36832: CPU 0.000000
2025-04-19 19:16:44 [main] DEBUG c.g.y.a.jni.SystemMonitorManagerJNI - Process 8976: CPU 0.000000
2025-04-19 19:16:44 [main] DEBUG c.g.y.a.jni.SystemMonitorManagerJNI - Process 8812: CPU 0.000000
2025-04-19 19:16:44 [main] DEBUG c.g.y.a.jni.SystemMonitorManagerJNI - Process 24696: CPU 7.599617
2025-04-19 19:16:44 [main] DEBUG c.g.y.a.jni.SystemMonitorManagerJNI - Process 14080: CPU 0.000000
2025-04-19 19:16:44 [main] DEBUG c.g.y.a.jni.SystemMonitorManagerJNI - Process 42332: CPU 0.000000
2025-04-19 19:16:44 [main] DEBUG c.g.y.a.jni.SystemMonitorManagerJNI - Process 56000: CPU 0.370713
2025-04-19 19:16:44 [main] DEBUG c.g.y.a.jni.SystemMonitorManagerJNI - Process 16736: CPU 0.000000
2025-04-19 19:16:44 [main] DEBUG c.g.y.a.jni.SystemMonitorManagerJNI - Process 18908: CPU 0.000000
2025-04-19 19:16:44 [main] DEBUG c.g.y.a.jni.SystemMonitorManagerJNI - Process 1476: CPU 0.000000
2025-04-19 19:16:44 [main] DEBUG c.g.y.a.jni.SystemMonitorManagerJNI - Process 10920: CPU 0.000000
2025-04-19 19:16:44 [main] DEBUG c.g.y.a.jni.SystemMonitorManagerJNI - Process 29176: CPU 0.000000
2025-04-19 19:16:44 [main] DEBUG c.g.y.a.jni.SystemMonitorManagerJNI - Process 36236: CPU 0.000000
2025-04-19 19:16:44 [main] DEBUG c.g.y.a.jni.SystemMonitorManagerJNI - Process 38100: CPU 0.370713
2025-04-19 19:16:44 [main] DEBUG c.g.y.a.jni.SystemMonitorManagerJNI - Process 42156: CPU 0.000000
2025-04-19 19:16:44 [main] DEBUG c.g.y.a.jni.SystemMonitorManagerJNI - Process 44828: CPU 0.000000
2025-04-19 19:16:44 [main] DEBUG c.g.y.a.jni.SystemMonitorManagerJNI - Process 57032: CPU 0.000000
2025-04-19 19:16:44 [main] DEBUG c.g.y.a.jni.SystemMonitorManagerJNI - Process 12736: CPU 0.000000
2025-04-19 19:16:44 [main] DEBUG c.g.y.a.jni.SystemMonitorManagerJNI - Process 13476: CPU 0.000000
2025-04-19 19:16:44 [main] DEBUG c.g.y.a.jni.SystemMonitorManagerJNI - Process 13620: CPU 0.000000
2025-04-19 19:16:44 [main] DEBUG c.g.y.a.jni.SystemMonitorManagerJNI - Process 13944: CPU 0.000000
2025-04-19 19:16:44 [main] DEBUG c.g.y.a.jni.SystemMonitorManagerJNI - Process 14132: CPU 0.000000
2025-04-19 19:16:44 [main] DEBUG c.g.y.a.jni.SystemMonitorManagerJNI - Process 14468: CPU 0.000000
2025-04-19 19:16:44 [main] DEBUG c.g.y.a.jni.SystemMonitorManagerJNI - Process 36604: CPU 0.000000
2025-04-19 19:16:44 [main] DEBUG c.g.y.a.jni.SystemMonitorManagerJNI - Process 50668: CPU 0.000000
2025-04-19 19:16:44 [main] DEBUG c.g.y.a.jni.SystemMonitorManagerJNI - Process 52036: CPU 0.000000
2025-04-19 19:16:44 [main] DEBUG c.g.y.a.jni.SystemMonitorManagerJNI - Process 53316: CPU 0.000000
2025-04-19 19:16:44 [main] DEBUG c.g.y.a.jni.SystemMonitorManagerJNI - Process 53756: CPU 0.000000
2025-04-19 19:16:44 [main] DEBUG c.g.y.a.jni.SystemMonitorManagerJNI - Process 54320: CPU 0.000000
2025-04-19 19:16:44 [main] DEBUG c.g.y.a.jni.SystemMonitorManagerJNI - Process 54340: CPU 0.000000
2025-04-19 19:16:44 [main] DEBUG c.g.y.a.jni.SystemMonitorManagerJNI - Process 54428: CPU 0.000000
2025-04-19 19:16:44 [main] DEBUG c.g.y.a.jni.SystemMonitorManagerJNI - Process 54888: CPU 0.000000
2025-04-19 19:16:44 [main] DEBUG c.g.y.a.jni.SystemMonitorManagerJNI - Process 55132: CPU 0.000000
2025-04-19 19:16:44 [main] DEBUG c.g.y.a.jni.SystemMonitorManagerJNI - Process 51848: CPU 0.000000
2025-04-19 19:16:44 [main] DEBUG c.g.y.a.jni.SystemMonitorManagerJNI - Process 23908: CPU 0.000000
2025-04-19 19:16:44 [main] DEBUG c.g.y.a.jni.SystemMonitorManagerJNI - Process 6076: CPU 0.000000
2025-04-19 19:16:44 [main] DEBUG c.g.y.a.jni.SystemMonitorManagerJNI - Process 8252: CPU 0.000000
2025-04-19 19:16:44 [main] DEBUG c.g.y.a.jni.SystemMonitorManagerJNI - Process 8896: CPU 0.000000
2025-04-19 19:16:44 [main] DEBUG c.g.y.a.jni.SystemMonitorManagerJNI - Process 50452: CPU 0.000000
2025-04-19 19:16:44 [main] DEBUG c.g.y.a.jni.SystemMonitorManagerJNI - Process 1360: CPU 0.000000
2025-04-19 19:16:44 [main] DEBUG c.g.y.a.jni.SystemMonitorManagerJNI - Process 5352: CPU 0.000000
2025-04-19 19:16:44 [main] DEBUG c.g.y.a.jni.SystemMonitorManagerJNI - Process 788: CPU 0.000000
2025-04-19 19:16:44 [main] DEBUG c.g.y.a.jni.SystemMonitorManagerJNI - Process 5200: CPU 0.000000
2025-04-19 19:16:44 [main] DEBUG c.g.y.a.jni.SystemMonitorManagerJNI - Process 10012: CPU 0.000000
2025-04-19 19:16:44 [main] DEBUG c.g.y.a.jni.SystemMonitorManagerJNI - Process 10132: CPU 0.000000
2025-04-19 19:16:44 [main] DEBUG c.g.y.a.jni.SystemMonitorManagerJNI - Process 10420: CPU 0.000000
2025-04-19 19:16:44 [main] DEBUG c.g.y.a.jni.SystemMonitorManagerJNI - Process 10684: CPU 0.000000
2025-04-19 19:16:44 [main] DEBUG c.g.y.a.jni.SystemMonitorManagerJNI - Process 10728: CPU 0.000000
2025-04-19 19:16:44 [main] DEBUG c.g.y.a.jni.SystemMonitorManagerJNI - Process 10868: CPU 0.000000
2025-04-19 19:16:44 [main] DEBUG c.g.y.a.jni.SystemMonitorManagerJNI - Process 11872: CPU 0.000000
2025-04-19 19:16:44 [main] DEBUG c.g.y.a.jni.SystemMonitorManagerJNI - Process 13144: CPU 0.000000
2025-04-19 19:16:44 [main] DEBUG c.g.y.a.jni.SystemMonitorManagerJNI - Process 1484: CPU 0.000000
2025-04-19 19:16:44 [main] DEBUG c.g.y.a.jni.SystemMonitorManagerJNI - Process 1540: CPU 0.000000
2025-04-19 19:16:44 [main] DEBUG c.g.y.a.jni.SystemMonitorManagerJNI - Process 1548: CPU 0.000000
2025-04-19 19:16:44 [main] DEBUG c.g.y.a.jni.SystemMonitorManagerJNI - Process 15504: CPU 0.000000
2025-04-19 19:16:44 [main] DEBUG c.g.y.a.jni.SystemMonitorManagerJNI - Process 16140: CPU 0.000000
2025-04-19 19:16:44 [main] DEBUG c.g.y.a.jni.SystemMonitorManagerJNI - Process 1628: CPU 0.000000
2025-04-19 19:16:44 [main] DEBUG c.g.y.a.jni.SystemMonitorManagerJNI - Process 1748: CPU 0.000000
2025-04-19 19:16:44 [main] DEBUG c.g.y.a.jni.SystemMonitorManagerJNI - Process 1804: CPU 0.000000
2025-04-19 19:16:44 [main] DEBUG c.g.y.a.jni.SystemMonitorManagerJNI - Process 1812: CPU 0.000000
2025-04-19 19:16:44 [main] DEBUG c.g.y.a.jni.SystemMonitorManagerJNI - Process 18796: CPU 0.000000
2025-04-19 19:16:44 [main] DEBUG c.g.y.a.jni.SystemMonitorManagerJNI - Process 20096: CPU 0.000000
2025-04-19 19:16:44 [main] DEBUG c.g.y.a.jni.SystemMonitorManagerJNI - Process 2156: CPU 0.000000
2025-04-19 19:16:44 [main] DEBUG c.g.y.a.jni.SystemMonitorManagerJNI - Process 2164: CPU 0.000000
2025-04-19 19:16:44 [main] DEBUG c.g.y.a.jni.SystemMonitorManagerJNI - Process 2236: CPU 0.000000
2025-04-19 19:16:44 [main] DEBUG c.g.y.a.jni.SystemMonitorManagerJNI - Process 2248: CPU 0.000000
2025-04-19 19:16:44 [main] DEBUG c.g.y.a.jni.SystemMonitorManagerJNI - Process 2256: CPU 0.000000
2025-04-19 19:16:44 [main] DEBUG c.g.y.a.jni.SystemMonitorManagerJNI - Process 22692: CPU 0.000000
2025-04-19 19:16:44 [main] DEBUG c.g.y.a.jni.SystemMonitorManagerJNI - Process 2280: CPU 0.000000
2025-04-19 19:16:44 [main] DEBUG c.g.y.a.jni.SystemMonitorManagerJNI - Process 2296: CPU 0.000000
2025-04-19 19:16:44 [main] DEBUG c.g.y.a.jni.SystemMonitorManagerJNI - Process 2468: CPU 0.000000
2025-04-19 19:16:44 [main] DEBUG c.g.y.a.jni.SystemMonitorManagerJNI - Process 2488: CPU 0.000000
2025-04-19 19:16:44 [main] DEBUG c.g.y.a.jni.SystemMonitorManagerJNI - Process 2536: CPU 0.000000
2025-04-19 19:16:44 [main] DEBUG c.g.y.a.jni.SystemMonitorManagerJNI - Process 2552: CPU 0.000000
2025-04-19 19:16:44 [main] DEBUG c.g.y.a.jni.SystemMonitorManagerJNI - Process 2636: CPU 0.000000
2025-04-19 19:16:44 [main] DEBUG c.g.y.a.jni.SystemMonitorManagerJNI - Process 2692: CPU 0.000000
2025-04-19 19:16:44 [main] DEBUG c.g.y.a.jni.SystemMonitorManagerJNI - Process 2748: CPU 0.000000
2025-04-19 19:16:44 [main] DEBUG c.g.y.a.jni.SystemMonitorManagerJNI - Process 2776: CPU 0.000000
2025-04-19 19:16:44 [main] DEBUG c.g.y.a.jni.SystemMonitorManagerJNI - Process 2784: CPU 0.000000
2025-04-19 19:16:44 [main] DEBUG c.g.y.a.jni.SystemMonitorManagerJNI - Process 2800: CPU 0.000000
2025-04-19 19:16:44 [main] DEBUG c.g.y.a.jni.SystemMonitorManagerJNI - Process 30544: CPU 0.000000
2025-04-19 19:16:44 [main] DEBUG c.g.y.a.jni.SystemMonitorManagerJNI - Process 31524: CPU 0.000000
2025-04-19 19:16:44 [main] DEBUG c.g.y.a.jni.SystemMonitorManagerJNI - Process 3280: CPU 0.000000
2025-04-19 19:16:44 [main] DEBUG c.g.y.a.jni.SystemMonitorManagerJNI - Process 33340: CPU 0.000000
2025-04-19 19:16:44 [main] DEBUG c.g.y.a.jni.SystemMonitorManagerJNI - Process 3432: CPU 0.000000
2025-04-19 19:16:44 [main] DEBUG c.g.y.a.jni.SystemMonitorManagerJNI - Process 3624: CPU 0.000000
2025-04-19 19:16:44 [main] DEBUG c.g.y.a.jni.SystemMonitorManagerJNI - Process 3632: CPU 0.000000
2025-04-19 19:16:44 [main] DEBUG c.g.y.a.jni.SystemMonitorManagerJNI - Process 3644: CPU 0.000000
2025-04-19 19:16:44 [main] DEBUG c.g.y.a.jni.SystemMonitorManagerJNI - Process 3828: CPU 0.000000
2025-04-19 19:16:44 [main] DEBUG c.g.y.a.jni.SystemMonitorManagerJNI - Process 3892: CPU 0.000000
2025-04-19 19:16:44 [main] DEBUG c.g.y.a.jni.SystemMonitorManagerJNI - Process 3900: CPU 0.000000
2025-04-19 19:16:44 [main] DEBUG c.g.y.a.jni.SystemMonitorManagerJNI - Process 4040: CPU 0.000000
2025-04-19 19:16:44 [main] DEBUG c.g.y.a.jni.SystemMonitorManagerJNI - Process 40904: CPU 0.000000
2025-04-19 19:16:44 [main] DEBUG c.g.y.a.jni.SystemMonitorManagerJNI - Process 4140: CPU 0.000000
2025-04-19 19:16:44 [main] DEBUG c.g.y.a.jni.SystemMonitorManagerJNI - Process 4392: CPU 0.000000
2025-04-19 19:16:44 [main] DEBUG c.g.y.a.jni.SystemMonitorManagerJNI - Process 4436: CPU 0.000000
2025-04-19 19:16:44 [main] DEBUG c.g.y.a.jni.SystemMonitorManagerJNI - Process 45092: CPU 0.370713
2025-04-19 19:16:44 [main] DEBUG c.g.y.a.jni.SystemMonitorManagerJNI - Process 45488: CPU 0.000000
2025-04-19 19:16:44 [main] DEBUG c.g.y.a.jni.SystemMonitorManagerJNI - Process 4664: CPU 0.000000
2025-04-19 19:16:44 [main] DEBUG c.g.y.a.jni.SystemMonitorManagerJNI - Process 46856: CPU 0.000000
2025-04-19 19:16:44 [main] DEBUG c.g.y.a.jni.SystemMonitorManagerJNI - Process 4792: CPU 0.000000
2025-04-19 19:16:44 [main] DEBUG c.g.y.a.jni.SystemMonitorManagerJNI - Process 4832: CPU 0.000000
2025-04-19 19:16:44 [main] DEBUG c.g.y.a.jni.SystemMonitorManagerJNI - Process 4904: CPU 0.000000
2025-04-19 19:16:44 [main] DEBUG c.g.y.a.jni.SystemMonitorManagerJNI - Process 4940: CPU 0.000000
2025-04-19 19:16:44 [main] DEBUG c.g.y.a.jni.SystemMonitorManagerJNI - Process 4988: CPU 0.000000
2025-04-19 19:16:44 [main] DEBUG c.g.y.a.jni.SystemMonitorManagerJNI - Process 50112: CPU 0.000000
2025-04-19 19:16:44 [main] DEBUG c.g.y.a.jni.SystemMonitorManagerJNI - Process 5240: CPU 0.370713
2025-04-19 19:16:44 [main] DEBUG c.g.y.a.jni.SystemMonitorManagerJNI - Process 5248: CPU 0.000000
2025-04-19 19:16:44 [main] DEBUG c.g.y.a.jni.SystemMonitorManagerJNI - Process 5300: CPU 0.000000
2025-04-19 19:16:44 [main] DEBUG c.g.y.a.jni.SystemMonitorManagerJNI - Process 5356: CPU 0.000000
2025-04-19 19:16:44 [main] DEBUG c.g.y.a.jni.SystemMonitorManagerJNI - Process 5676: CPU 0.000000
2025-04-19 19:16:44 [main] DEBUG c.g.y.a.jni.SystemMonitorManagerJNI - Process 5744: CPU 0.000000
2025-04-19 19:16:44 [main] DEBUG c.g.y.a.jni.SystemMonitorManagerJNI - Process 5812: CPU 0.000000
2025-04-19 19:16:44 [main] DEBUG c.g.y.a.jni.SystemMonitorManagerJNI - Process 5828: CPU 0.000000
2025-04-19 19:16:44 [main] DEBUG c.g.y.a.jni.SystemMonitorManagerJNI - Process 5932: CPU 0.000000
2025-04-19 19:16:44 [main] DEBUG c.g.y.a.jni.SystemMonitorManagerJNI - Process 5940: CPU 0.000000
2025-04-19 19:16:44 [main] DEBUG c.g.y.a.jni.SystemMonitorManagerJNI - Process 5948: CPU 0.000000
2025-04-19 19:16:44 [main] DEBUG c.g.y.a.jni.SystemMonitorManagerJNI - Process 6000: CPU 0.000000
2025-04-19 19:16:44 [main] DEBUG c.g.y.a.jni.SystemMonitorManagerJNI - Process 6028: CPU 0.000000
2025-04-19 19:16:44 [main] DEBUG c.g.y.a.jni.SystemMonitorManagerJNI - Process 6140: CPU 0.000000
2025-04-19 19:16:44 [main] DEBUG c.g.y.a.jni.SystemMonitorManagerJNI - Process 6152: CPU 0.000000
2025-04-19 19:16:44 [main] DEBUG c.g.y.a.jni.SystemMonitorManagerJNI - Process 6500: CPU 0.000000
2025-04-19 19:16:44 [main] DEBUG c.g.y.a.jni.SystemMonitorManagerJNI - Process 6552: CPU 0.000000
2025-04-19 19:16:44 [main] DEBUG c.g.y.a.jni.SystemMonitorManagerJNI - Process 6720: CPU 0.000000
2025-04-19 19:16:44 [main] DEBUG c.g.y.a.jni.SystemMonitorManagerJNI - Process 6860: CPU 0.000000
2025-04-19 19:16:44 [main] DEBUG c.g.y.a.jni.SystemMonitorManagerJNI - Process 7132: CPU 0.000000
2025-04-19 19:16:44 [main] DEBUG c.g.y.a.jni.SystemMonitorManagerJNI - Process 7584: CPU 0.000000
2025-04-19 19:16:44 [main] DEBUG c.g.y.a.jni.SystemMonitorManagerJNI - Process 7644: CPU 0.000000
2025-04-19 19:16:44 [main] DEBUG c.g.y.a.jni.SystemMonitorManagerJNI - Process 8144: CPU 0.000000
2025-04-19 19:16:44 [main] DEBUG c.g.y.a.jni.SystemMonitorManagerJNI - Process 8156: CPU 0.000000
2025-04-19 19:16:44 [main] DEBUG c.g.y.a.jni.SystemMonitorManagerJNI - Process 8260: CPU 0.000000
2025-04-19 19:16:44 [main] DEBUG c.g.y.a.jni.SystemMonitorManagerJNI - Process 8568: CPU 0.000000
2025-04-19 19:16:44 [main] DEBUG c.g.y.a.jni.SystemMonitorManagerJNI - Process 8620: CPU 0.000000
2025-04-19 19:16:44 [main] DEBUG c.g.y.a.jni.SystemMonitorManagerJNI - Process 8648: CPU 0.000000
2025-04-19 19:16:44 [main] DEBUG c.g.y.a.jni.SystemMonitorManagerJNI - Process 9112: CPU 0.000000
2025-04-19 19:16:44 [main] DEBUG c.g.y.a.jni.SystemMonitorManagerJNI - Process 9412: CPU 0.000000
2025-04-19 19:16:44 [main] DEBUG c.g.y.a.jni.SystemMonitorManagerJNI - Process 9440: CPU 0.000000
2025-04-19 19:16:44 [main] DEBUG c.g.y.a.jni.SystemMonitorManagerJNI - Process 9704: CPU 0.000000
2025-04-19 19:16:44 [main] DEBUG c.g.y.a.jni.SystemMonitorManagerJNI - Process 9744: CPU 0.000000
2025-04-19 19:16:44 [main] DEBUG c.g.y.a.jni.SystemMonitorManagerJNI - Process 25688: CPU 0.000000
2025-04-19 19:16:44 [main] DEBUG c.g.y.a.jni.SystemMonitorManagerJNI - Process 8044: CPU 0.000000
2025-04-19 19:16:44 [main] DEBUG c.g.y.a.jni.SystemMonitorManagerJNI - Process 10724: CPU 0.000000
2025-04-19 19:16:44 [main] DEBUG c.g.y.a.jni.SystemMonitorManagerJNI - Process 11300: CPU 0.000000
2025-04-19 19:16:44 [main] DEBUG c.g.y.a.jni.SystemMonitorManagerJNI - Process 11976: CPU 0.000000
2025-04-19 19:16:44 [main] DEBUG c.g.y.a.jni.SystemMonitorManagerJNI - Process 12236: CPU 0.926783
2025-04-19 19:16:44 [main] DEBUG c.g.y.a.jni.SystemMonitorManagerJNI - Process 3316: CPU 0.556070
2025-04-19 19:16:44 [main] DEBUG c.g.y.a.jni.SystemMonitorManagerJNI - Process 7312: CPU 0.000000
2025-04-19 19:16:44 [main] DEBUG c.g.y.a.jni.SystemMonitorManagerJNI - Process 43656: CPU 0.000000
2025-04-19 19:16:44 [main] DEBUG c.g.y.a.jni.SystemMonitorManagerJNI - Process 45556: CPU 0.000000
2025-04-19 19:16:44 [main] DEBUG c.g.y.a.jni.SystemMonitorManagerJNI - Process 8356: CPU 0.000000
2025-04-19 19:16:44 [main] DEBUG c.g.y.a.jni.SystemMonitorManagerJNI - Process 40884: CPU 0.000000
2025-04-19 19:16:44 [main] DEBUG c.g.y.a.jni.SystemMonitorManagerJNI - Process 4672: CPU 0.000000
2025-04-19 19:16:44 [main] DEBUG c.g.y.a.jni.SystemMonitorManagerJNI - Process 8076: CPU 0.000000
2025-04-19 19:16:44 [main] DEBUG c.g.y.a.jni.SystemMonitorManagerJNI - Process 5796: CPU 0.000000
2025-04-19 19:16:44 [main] DEBUG c.g.y.a.jni.SystemMonitorManagerJNI - Process 1288: CPU 0.000000
2025-04-19 19:16:44 [main] DEBUG c.g.y.a.jni.SystemMonitorManagerJNI - Process 1392: CPU 0.000000
2025-04-19 19:16:44 [main] DEBUG c.g.y.a.jni.SystemMonitorManagerJNI - Process 6120: CPU 0.000000
2025-04-19 19:16:44 [main] DEBUG c.g.y.a.jni.SystemMonitorManagerJNI - Process 46512: CPU 0.000000
2025-04-19 19:16:44 [main] DEBUG c.g.y.a.jni.SystemMonitorManagerJNI - Process 48400: CPU 0.000000
2025-04-19 19:16:44 [main] DEBUG c.g.y.a.jni.SystemMonitorManagerJNI - Process 41356: CPU 0.000000
2025-04-19 19:16:44 [main] DEBUG c.g.y.a.jni.SystemMonitorManagerJNI - Process 50428: CPU 0.000000
2025-04-19 19:16:44 [main] DEBUG c.g.y.a.jni.SystemMonitorManagerJNI - Process 55664: CPU 0.000000
2025-04-19 19:16:44 [main] DEBUG c.g.y.a.jni.SystemMonitorManagerJNI - Process 50892: CPU 0.000000
2025-04-19 19:16:44 [main] DEBUG c.g.y.a.jni.SystemMonitorManagerJNI - Process 6212: CPU 0.000000
2025-04-19 19:16:44 [main] DEBUG c.g.y.a.jni.SystemMonitorManagerJNI - Process 46304: CPU 0.000000
2025-04-19 19:16:44 [main] DEBUG c.g.y.a.jni.SystemMonitorManagerJNI - Process 11580: CPU 0.000000
2025-04-19 19:16:44 [main] DEBUG c.g.y.a.jni.SystemMonitorManagerJNI - Process 11880: CPU 0.000000
2025-04-19 19:16:44 [main] DEBUG c.g.y.a.jni.SystemMonitorManagerJNI - Process 12640: CPU 0.000000
2025-04-19 19:16:44 [main] DEBUG c.g.y.a.jni.SystemMonitorManagerJNI - Process 13400: CPU 0.000000
2025-04-19 19:16:44 [main] DEBUG c.g.y.a.jni.SystemMonitorManagerJNI - Process 2192: CPU 0.000000
2025-04-19 19:16:44 [main] DEBUG c.g.y.a.jni.SystemMonitorManagerJNI - Process 22504: CPU 0.000000
2025-04-19 19:16:44 [main] DEBUG c.g.y.a.jni.SystemMonitorManagerJNI - Process 23084: CPU 0.000000
2025-04-19 19:16:44 [main] DEBUG c.g.y.a.jni.SystemMonitorManagerJNI - Process 2316: CPU 0.000000
2025-04-19 19:16:44 [main] DEBUG c.g.y.a.jni.SystemMonitorManagerJNI - Process 30604: CPU 0.000000
2025-04-19 19:16:44 [main] DEBUG c.g.y.a.jni.SystemMonitorManagerJNI - Process 34312: CPU 0.000000
2025-04-19 19:16:44 [main] DEBUG c.g.y.a.jni.SystemMonitorManagerJNI - Process 45804: CPU 0.000000
2025-04-19 19:16:44 [main] DEBUG c.g.y.a.jni.SystemMonitorManagerJNI - Process 52516: CPU 0.000000
2025-04-19 19:16:44 [main] DEBUG c.g.y.a.jni.SystemMonitorManagerJNI - Process 53960: CPU 0.000000
2025-04-19 19:16:44 [main] DEBUG c.g.y.a.jni.SystemMonitorManagerJNI - Process 6684: CPU 0.000000
2025-04-19 19:22:43 [main] INFO  c.g.yamec.app.YamecApplicationTests - Starting YamecApplicationTests using Java 23.0.2 with PID 52688 (started by Brendan in C:\Users\Brendan\Documents\Project\MetricsLogger\yamec\yamec-app)
2025-04-19 19:22:43 [main] DEBUG c.g.yamec.app.YamecApplicationTests - Running with Spring Boot v3.4.3, Spring v6.2.3
2025-04-19 19:22:43 [main] INFO  c.g.yamec.app.YamecApplicationTests - No active profile set, falling back to 1 default profile: "default"
2025-04-19 19:22:45 [main] INFO  o.s.b.a.w.s.WelcomePageHandlerMapping - Adding welcome page template: index
2025-04-19 19:22:45 [main] INFO  c.g.yamec.app.YamecApplicationTests - Started YamecApplicationTests in 2.596 seconds (process running for 4.63)
2025-04-19 19:22:47 [main] DEBUG c.g.y.a.jni.SystemMonitorManagerJNI - Process 20912 - CurseForge: CPU 0.180124
2025-04-19 19:22:47 [main] DEBUG c.g.y.a.jni.SystemMonitorManagerJNI - Process 6108 - GameManagerService: CPU 0.540371
2025-04-19 19:22:47 [main] DEBUG c.g.y.a.jni.SystemMonitorManagerJNI - Process 0 - Idle: CPU 70.068150
2025-04-19 19:22:47 [main] DEBUG c.g.y.a.jni.SystemMonitorManagerJNI - Process 6184 - MsMpEng: CPU 0.180124
2025-04-19 19:22:47 [main] DEBUG c.g.y.a.jni.SystemMonitorManagerJNI - Process 21568 - RadeonSoftware: CPU 0.180124
2025-04-19 19:22:47 [main] DEBUG c.g.y.a.jni.SystemMonitorManagerJNI - Process 4 - System: CPU 1.080743
2025-04-19 19:22:47 [main] DEBUG c.g.y.a.jni.SystemMonitorManagerJNI - Process 48760 - Zoom: CPU 0.720495
2025-04-19 19:22:47 [main] DEBUG c.g.y.a.jni.SystemMonitorManagerJNI - Process 53128 - audiodg: CPU 0.360248
2025-04-19 19:22:47 [main] DEBUG c.g.y.a.jni.SystemMonitorManagerJNI - Process 7928 - clangd: CPU 6.124208
2025-04-19 19:22:47 [main] DEBUG c.g.y.a.jni.SystemMonitorManagerJNI - Process 1296 - csrss: CPU 0.360248
2025-04-19 19:22:47 [main] DEBUG c.g.y.a.jni.SystemMonitorManagerJNI - Process 1980 - dwm: CPU 0.540371
2025-04-19 19:22:47 [main] DEBUG c.g.y.a.jni.SystemMonitorManagerJNI - Process 24696 - idea64: CPU 13.689407
2025-04-19 19:22:47 [main] DEBUG c.g.y.a.jni.SystemMonitorManagerJNI - Process 52688 - java: CPU 3.962723
2025-04-19 19:22:47 [main] DEBUG c.g.y.a.jni.SystemMonitorManagerJNI - Process 12236 - ui32: CPU 1.080743
2025-04-19 19:22:50 [main] DEBUG c.g.y.a.jni.SystemMonitorManagerJNI - Process 11616 - CefSharp.BrowserSubprocess: CPU 0.546092
2025-04-19 19:22:50 [main] DEBUG c.g.y.a.jni.SystemMonitorManagerJNI - Process 19004 - CefSharp.BrowserSubprocess: CPU 0.364061
2025-04-19 19:22:50 [main] DEBUG c.g.y.a.jni.SystemMonitorManagerJNI - Process 20912 - CurseForge: CPU 0.182031
2025-04-19 19:22:50 [main] DEBUG c.g.y.a.jni.SystemMonitorManagerJNI - Process 0 - Idle: CPU 67.351335
2025-04-19 19:22:50 [main] DEBUG c.g.y.a.jni.SystemMonitorManagerJNI - Process 6184 - MsMpEng: CPU 1.092184
2025-04-19 19:22:50 [main] DEBUG c.g.y.a.jni.SystemMonitorManagerJNI - Process 6172 - Sysmon: CPU 0.546092
2025-04-19 19:22:50 [main] DEBUG c.g.y.a.jni.SystemMonitorManagerJNI - Process 4 - System: CPU 0.910153
2025-04-19 19:22:50 [main] DEBUG c.g.y.a.jni.SystemMonitorManagerJNI - Process 56564 - WmiPrvSE: CPU 0.182031
2025-04-19 19:22:50 [main] DEBUG c.g.y.a.jni.SystemMonitorManagerJNI - Process 48760 - Zoom: CPU 1.092184
2025-04-19 19:22:50 [main] DEBUG c.g.y.a.jni.SystemMonitorManagerJNI - Process 53128 - audiodg: CPU 0.546092
2025-04-19 19:22:50 [main] DEBUG c.g.y.a.jni.SystemMonitorManagerJNI - Process 7928 - clangd: CPU 1.456245
2025-04-19 19:22:50 [main] DEBUG c.g.y.a.jni.SystemMonitorManagerJNI - Process 26128 - clion64: CPU 11.467930
2025-04-19 19:22:50 [main] DEBUG c.g.y.a.jni.SystemMonitorManagerJNI - Process 1980 - dwm: CPU 0.546092
2025-04-19 19:22:50 [main] DEBUG c.g.y.a.jni.SystemMonitorManagerJNI - Process 24696 - idea64: CPU 7.827317
2025-04-19 19:22:50 [main] DEBUG c.g.y.a.jni.SystemMonitorManagerJNI - Process 52688 - java: CPU 0.364061
2025-04-19 19:22:50 [main] DEBUG c.g.y.a.jni.SystemMonitorManagerJNI - Process 45092 - svchost: CPU 1.274214
2025-04-19 19:22:50 [main] DEBUG c.g.y.a.jni.SystemMonitorManagerJNI - Process 5240 - svchost: CPU 0.910153
2025-04-19 19:22:50 [main] DEBUG c.g.y.a.jni.SystemMonitorManagerJNI - Process 6860 - svchost: CPU 0.364061
2025-04-19 19:22:50 [main] DEBUG c.g.y.a.jni.SystemMonitorManagerJNI - Process 12236 - ui32: CPU 0.546092
2025-04-19 19:22:50 [main] DEBUG c.g.y.a.jni.SystemMonitorManagerJNI - Process 3316 - ui32: CPU 0.910153
2025-04-19 19:26:01 [main] INFO  c.g.yamec.app.YamecApplicationTests - Starting YamecApplicationTests using Java 23.0.2 with PID 32192 (started by Brendan in C:\Users\Brendan\Documents\Project\MetricsLogger\yamec\yamec-app)
2025-04-19 19:26:01 [main] DEBUG c.g.yamec.app.YamecApplicationTests - Running with Spring Boot v3.4.3, Spring v6.2.3
2025-04-19 19:26:01 [main] INFO  c.g.yamec.app.YamecApplicationTests - No active profile set, falling back to 1 default profile: "default"
2025-04-19 19:26:03 [main] INFO  o.s.b.a.w.s.WelcomePageHandlerMapping - Adding welcome page template: index
2025-04-19 19:26:03 [main] INFO  c.g.yamec.app.YamecApplicationTests - Started YamecApplicationTests in 2.368 seconds (process running for 4.576)
2025-04-19 19:26:06 [main] DEBUG c.g.y.a.jni.SystemMonitorManagerJNI - Process 11616 - CefSharp.BrowserSubprocess: CPU 0.284603
2025-04-19 19:26:06 [main] DEBUG c.g.y.a.jni.SystemMonitorManagerJNI - Process 17528 - Discord: CPU 0.379471
2025-04-19 19:26:06 [main] DEBUG c.g.y.a.jni.SystemMonitorManagerJNI - Process 13292 - ElgatoAudioControlServerWatcher: CPU 0.094868
2025-04-19 19:26:06 [main] DEBUG c.g.y.a.jni.SystemMonitorManagerJNI - Process 11864 - GHelper: CPU 0.094868
2025-04-19 19:26:06 [main] DEBUG c.g.y.a.jni.SystemMonitorManagerJNI - Process 18408 - HuionTabletCore: CPU 0.094868
2025-04-19 19:26:06 [main] DEBUG c.g.y.a.jni.SystemMonitorManagerJNI - Process 0 - Idle: CPU 70.961080
2025-04-19 19:26:06 [main] DEBUG c.g.y.a.jni.SystemMonitorManagerJNI - Process 6184 - MsMpEng: CPU 0.569207
2025-04-19 19:26:06 [main] DEBUG c.g.y.a.jni.SystemMonitorManagerJNI - Process 21568 - RadeonSoftware: CPU 0.094868
2025-04-19 19:26:06 [main] DEBUG c.g.y.a.jni.SystemMonitorManagerJNI - Process 4 - System: CPU 1.138413
2025-04-19 19:26:06 [main] DEBUG c.g.y.a.jni.SystemMonitorManagerJNI - Process 18292 - Taskmgr: CPU 1.138413
2025-04-19 19:26:06 [main] DEBUG c.g.y.a.jni.SystemMonitorManagerJNI - Process 29580 - WINWORD: CPU 0.284603
2025-04-19 19:26:06 [main] DEBUG c.g.y.a.jni.SystemMonitorManagerJNI - Process 56564 - WmiPrvSE: CPU 0.189736
2025-04-19 19:26:06 [main] DEBUG c.g.y.a.jni.SystemMonitorManagerJNI - Process 7256 - WmiPrvSE: CPU 0.094868
2025-04-19 19:26:06 [main] DEBUG c.g.y.a.jni.SystemMonitorManagerJNI - Process 48760 - Zoom: CPU 0.758942
2025-04-19 19:26:06 [main] DEBUG c.g.y.a.jni.SystemMonitorManagerJNI - Process 53128 - audiodg: CPU 0.094868
2025-04-19 19:26:06 [main] DEBUG c.g.y.a.jni.SystemMonitorManagerJNI - Process 7928 - clangd: CPU 6.261272
2025-04-19 19:26:06 [main] DEBUG c.g.y.a.jni.SystemMonitorManagerJNI - Process 26128 - clion64: CPU 0.189736
2025-04-19 19:26:06 [main] DEBUG c.g.y.a.jni.SystemMonitorManagerJNI - Process 1980 - dwm: CPU 0.379471
2025-04-19 19:26:06 [main] DEBUG c.g.y.a.jni.SystemMonitorManagerJNI - Process 24696 - idea64: CPU 13.376353
2025-04-19 19:26:06 [main] DEBUG c.g.y.a.jni.SystemMonitorManagerJNI - Process 32192 - java: CPU 1.423016
2025-04-19 19:26:06 [main] DEBUG c.g.y.a.jni.SystemMonitorManagerJNI - Process 39788 - java: CPU 0.094868
2025-04-19 19:26:06 [main] DEBUG c.g.y.a.jni.SystemMonitorManagerJNI - Process 4436 - svchost: CPU 0.094868
2025-04-19 19:26:06 [main] DEBUG c.g.y.a.jni.SystemMonitorManagerJNI - Process 4940 - svchost: CPU 0.094868
2025-04-19 19:26:06 [main] DEBUG c.g.y.a.jni.SystemMonitorManagerJNI - Process 5240 - svchost: CPU 0.094868
2025-04-19 19:26:06 [main] DEBUG c.g.y.a.jni.SystemMonitorManagerJNI - Process 12236 - ui32: CPU 0.379471
2025-04-19 19:26:06 [main] DEBUG c.g.y.a.jni.SystemMonitorManagerJNI - Process 3316 - ui32: CPU 0.758942
2025-04-19 19:26:06 [main] DEBUG c.g.y.a.jni.SystemMonitorManagerJNI - Process 8356 - vmmemWSL: CPU 0.094868
2025-04-19 19:26:09 [main] DEBUG c.g.y.a.jni.SystemMonitorManagerJNI - Process 11616 - CefSharp.BrowserSubprocess: CPU 0.284434
2025-04-19 19:26:09 [main] DEBUG c.g.y.a.jni.SystemMonitorManagerJNI - Process 16400 - Discord: CPU 0.189623
2025-04-19 19:26:09 [main] DEBUG c.g.y.a.jni.SystemMonitorManagerJNI - Process 17528 - Discord: CPU 0.284434
2025-04-19 19:26:09 [main] DEBUG c.g.y.a.jni.SystemMonitorManagerJNI - Process 18408 - HuionTabletCore: CPU 0.474057
2025-04-19 19:26:09 [main] DEBUG c.g.y.a.jni.SystemMonitorManagerJNI - Process 0 - Idle: CPU 75.564631
2025-04-19 19:26:09 [main] DEBUG c.g.y.a.jni.SystemMonitorManagerJNI - Process 6184 - MsMpEng: CPU 0.474057
2025-04-19 19:26:09 [main] DEBUG c.g.y.a.jni.SystemMonitorManagerJNI - Process 3376 - NVDisplay.Container: CPU 0.094811
2025-04-19 19:26:09 [main] DEBUG c.g.y.a.jni.SystemMonitorManagerJNI - Process 18680 - Obsidian: CPU 0.094811
2025-04-19 19:26:09 [main] DEBUG c.g.y.a.jni.SystemMonitorManagerJNI - Process 20540 - OneDrive: CPU 0.094811
2025-04-19 19:26:09 [main] DEBUG c.g.y.a.jni.SystemMonitorManagerJNI - Process 21568 - RadeonSoftware: CPU 0.189623
2025-04-19 19:26:09 [main] DEBUG c.g.y.a.jni.SystemMonitorManagerJNI - Process 16900 - Razer Synapse 3: CPU 0.094811
2025-04-19 19:26:09 [main] DEBUG c.g.y.a.jni.SystemMonitorManagerJNI - Process 27260 - Rider.Backend: CPU 0.284434
2025-04-19 19:26:09 [main] DEBUG c.g.y.a.jni.SystemMonitorManagerJNI - Process 6172 - Sysmon: CPU 0.094811
2025-04-19 19:26:09 [main] DEBUG c.g.y.a.jni.SystemMonitorManagerJNI - Process 4 - System: CPU 1.232547
2025-04-19 19:26:09 [main] DEBUG c.g.y.a.jni.SystemMonitorManagerJNI - Process 18292 - Taskmgr: CPU 0.758491
2025-04-19 19:26:09 [main] DEBUG c.g.y.a.jni.SystemMonitorManagerJNI - Process 29580 - WINWORD: CPU 0.379245
2025-04-19 19:26:09 [main] DEBUG c.g.y.a.jni.SystemMonitorManagerJNI - Process 1860 - WUDFHost: CPU 0.094811
2025-04-19 19:26:09 [main] DEBUG c.g.y.a.jni.SystemMonitorManagerJNI - Process 56564 - WmiPrvSE: CPU 0.094811
2025-04-19 19:26:09 [main] DEBUG c.g.y.a.jni.SystemMonitorManagerJNI - Process 48760 - Zoom: CPU 0.948113
2025-04-19 19:26:09 [main] DEBUG c.g.y.a.jni.SystemMonitorManagerJNI - Process 51764 - Zoom: CPU 0.379245
2025-04-19 19:26:09 [main] DEBUG c.g.y.a.jni.SystemMonitorManagerJNI - Process 53128 - audiodg: CPU 0.189623
2025-04-19 19:26:09 [main] DEBUG c.g.y.a.jni.SystemMonitorManagerJNI - Process 26128 - clion64: CPU 1.137736
2025-04-19 19:26:09 [main] DEBUG c.g.y.a.jni.SystemMonitorManagerJNI - Process 1296 - csrss: CPU 0.189623
2025-04-19 19:26:09 [main] DEBUG c.g.y.a.jni.SystemMonitorManagerJNI - Process 1980 - dwm: CPU 0.663679
2025-04-19 19:26:09 [main] DEBUG c.g.y.a.jni.SystemMonitorManagerJNI - Process 24696 - idea64: CPU 11.661794
2025-04-19 19:26:09 [main] DEBUG c.g.y.a.jni.SystemMonitorManagerJNI - Process 14080 - java: CPU 0.094811
2025-04-19 19:26:09 [main] DEBUG c.g.y.a.jni.SystemMonitorManagerJNI - Process 32192 - java: CPU 0.379245
2025-04-19 19:26:09 [main] DEBUG c.g.y.a.jni.SystemMonitorManagerJNI - Process 39788 - java: CPU 0.284434
2025-04-19 19:26:09 [main] DEBUG c.g.y.a.jni.SystemMonitorManagerJNI - Process 55568 - msedge: CPU 0.094811
2025-04-19 19:26:09 [main] DEBUG c.g.y.a.jni.SystemMonitorManagerJNI - Process 53316 - msedgewebview2: CPU 0.094811
2025-04-19 19:26:09 [main] DEBUG c.g.y.a.jni.SystemMonitorManagerJNI - Process 1748 - svchost: CPU 0.094811
2025-04-19 19:26:09 [main] DEBUG c.g.y.a.jni.SystemMonitorManagerJNI - Process 1804 - svchost: CPU 0.094811
2025-04-19 19:26:09 [main] DEBUG c.g.y.a.jni.SystemMonitorManagerJNI - Process 45092 - svchost: CPU 0.094811
2025-04-19 19:26:09 [main] DEBUG c.g.y.a.jni.SystemMonitorManagerJNI - Process 5240 - svchost: CPU 0.094811
2025-04-19 19:26:09 [main] DEBUG c.g.y.a.jni.SystemMonitorManagerJNI - Process 5932 - svchost: CPU 0.094811
2025-04-19 19:26:09 [main] DEBUG c.g.y.a.jni.SystemMonitorManagerJNI - Process 5948 - svchost: CPU 0.094811
2025-04-19 19:26:09 [main] DEBUG c.g.y.a.jni.SystemMonitorManagerJNI - Process 6860 - svchost: CPU 0.094811
2025-04-19 19:26:09 [main] DEBUG c.g.y.a.jni.SystemMonitorManagerJNI - Process 11976 - ui32: CPU 0.094811
2025-04-19 19:26:09 [main] DEBUG c.g.y.a.jni.SystemMonitorManagerJNI - Process 12236 - ui32: CPU 0.474057
2025-04-19 19:26:09 [main] DEBUG c.g.y.a.jni.SystemMonitorManagerJNI - Process 3316 - ui32: CPU 0.284434
2025-04-19 19:26:09 [main] DEBUG c.g.y.a.jni.SystemMonitorManagerJNI - Process 8076 - wallpaper32: CPU 0.094811
